###-Starting CPU-###
(Init:0)/0/0ms - Switching Process In
(Init:0)/0/9ms - Switching Process In
(Init:0)/0/19ms - Switching Process In
(Init:0)/0/29ms - Switching Process In
(Init:0)/0/39ms - Switching Process In
###-Process: (Papakia:1) has been created-###
temp_exp_burst: 26666666.666667 time: 40000000 temp_last_burst: 40000000.000000 current->exp_burst: 0.000000 
--------------------IN FOR LOOP 2-----------------
head: 0x5639247412a0 temp:0x563924742cd0 -> 0.000000
--------------------EXIT FOR LOOP-----------------
Got CPU: 0x563924742cd0 -> 40000000
(Papakia:1)/100/40ms - Switching Process In
temp_exp_burst: 6666666.666667 time: 50000000 temp_last_burst: 10000000.000000 current->exp_burst: 0.000000 
--------------------IN FOR LOOP 2-----------------
head: 0x5639247412a0 current:0x563924742cd0 -> 6666666.666667
--------------------EXIT FOR LOOP-----------------
###-Process: (Vatraxakia:2) has been created-###
temp_exp_burst: 6666666.666667 time: 50000000 temp_last_burst: 10000000.000000 current->exp_burst: 0.000000 
--------------------IN FOR LOOP 3-----------------
head: 0x5639247412a0 temp:0x563924742d90 -> 0.000000
head: 0x5639247412a0 current:0x563924742cd0 -> 6666666.666667
--------------------EXIT FOR LOOP-----------------
Got CPU: 0x563924742d90 -> 50000000
(Vatraxakia:2)/100/50ms - Switching Process In
temp_exp_burst: 6666666.666667 time: 60000000 temp_last_burst: 10000000.000000 current->exp_burst: 0.000000 
--------------------IN FOR LOOP 3-----------------
head: 0x5639247412a0 current:0x563924742d90 -> 6666666.666667
head: 0x5639247412a0 temp:0x563924742cd0 -> 6666666.666667
--------------------EXIT FOR LOOP-----------------
temp_exp_burst: 13333333.333333 time: 70000000 temp_last_burst: 20000000.000000 current->exp_burst: 0.000000 
--------------------IN FOR LOOP 3-----------------
head: 0x5639247412a0 current:0x563924742d90 -> 13333333.333333
head: 0x5639247412a0 temp:0x563924742cd0 -> 6666666.666667
--------------------EXIT FOR LOOP-----------------
Got CPU: 0x563924742cd0 -> 70000000
(Papakia:1)/100/69ms - Switching Process In
###-Process: (Tigrakia:3) has been created-###
temp_exp_burst: 2222222.222222 time: 70000000 temp_last_burst: 0.000000 current->exp_burst: 6666666.666667 
--------------------IN FOR LOOP 4-----------------
head: 0x5639247412a0 temp:0x563924742e50 -> 0.000000
head: 0x5639247412a0 temp:0x563924742d90 -> 13333333.333333
head: 0x5639247412a0 current:0x563924742cd0 -> 2222222.222222
--------------------EXIT FOR LOOP-----------------
Got CPU: 0x563924742e50 -> 70000000
(Tigrakia:3)/100/70ms - Switching Process In
temp_exp_burst: 6666666.666667 time: 80000000 temp_last_burst: 10000000.000000 current->exp_burst: 0.000000 
--------------------IN FOR LOOP 4-----------------
head: 0x5639247412a0 current:0x563924742e50 -> 6666666.666667
head: 0x5639247412a0 temp:0x563924742d90 -> 13333333.333333
head: 0x5639247412a0 temp:0x563924742cd0 -> 2222222.222222
--------------------EXIT FOR LOOP-----------------
Got CPU: 0x563924742cd0 -> 80000000
(Papakia:1)/100/79ms - Switching Process In
###-Process: (Gatakia:4) has been created-###
temp_exp_burst: 740740.740741 time: 80000000 temp_last_burst: 0.000000 current->exp_burst: 2222222.222222 
--------------------IN FOR LOOP 5-----------------
head: 0x5639247412a0 temp:0x563924742f10 -> 0.000000
head: 0x5639247412a0 temp:0x563924742e50 -> 6666666.666667
head: 0x5639247412a0 temp:0x563924742d90 -> 13333333.333333
head: 0x5639247412a0 current:0x563924742cd0 -> 740740.740741
--------------------EXIT FOR LOOP-----------------
Got CPU: 0x563924742f10 -> 80000000
(Gatakia:4)/100/80ms - Switching Process In
temp_exp_burst: 6666666.666667 time: 90000000 temp_last_burst: 10000000.000000 current->exp_burst: 0.000000 
--------------------IN FOR LOOP 5-----------------
head: 0x5639247412a0 current:0x563924742f10 -> 6666666.666667
head: 0x5639247412a0 temp:0x563924742e50 -> 6666666.666667
head: 0x5639247412a0 temp:0x563924742d90 -> 13333333.333333
head: 0x5639247412a0 temp:0x563924742cd0 -> 740740.740741
--------------------EXIT FOR LOOP-----------------
Got CPU: 0x563924742cd0 -> 90000000
(Papakia:1)/100/89ms - Switching Process In
###-Process: (Arkoudakia:5) has been created-###
temp_exp_burst: 246913.580247 time: 90000000 temp_last_burst: 0.000000 current->exp_burst: 740740.740741 
--------------------IN FOR LOOP 6-----------------
head: 0x5639247412a0 temp:0x563924742fd0 -> 0.000000
head: 0x5639247412a0 temp:0x563924742f10 -> 6666666.666667
head: 0x5639247412a0 temp:0x563924742e50 -> 6666666.666667
head: 0x5639247412a0 temp:0x563924742d90 -> 13333333.333333
head: 0x5639247412a0 current:0x563924742cd0 -> 246913.580247
--------------------EXIT FOR LOOP-----------------
Got CPU: 0x563924742fd0 -> 90000000
(Arkoudakia:5)/100/90ms - Switching Process In
temp_exp_burst: 6666666.666667 time: 100000000 temp_last_burst: 10000000.000000 current->exp_burst: 0.000000 
--------------------IN FOR LOOP 6-----------------
head: 0x5639247412a0 current:0x563924742fd0 -> 6666666.666667
head: 0x5639247412a0 temp:0x563924742f10 -> 6666666.666667
head: 0x5639247412a0 temp:0x563924742e50 -> 6666666.666667
head: 0x5639247412a0 temp:0x563924742d90 -> 13333333.333333
head: 0x5639247412a0 temp:0x563924742cd0 -> 246913.580247
--------------------EXIT FOR LOOP-----------------
Got CPU: 0x563924742cd0 -> 100000000
(Papakia:1)/100/99ms - Switching Process In
###-Process: (Saligkarakia:6) has been created-###
temp_exp_burst: 82304.526749 time: 100000000 temp_last_burst: 0.000000 current->exp_burst: 246913.580247 
--------------------IN FOR LOOP 7-----------------
head: 0x5639247412a0 temp:0x563924743090 -> 0.000000
head: 0x5639247412a0 temp:0x563924742fd0 -> 6666666.666667
head: 0x5639247412a0 temp:0x563924742f10 -> 6666666.666667
head: 0x5639247412a0 temp:0x563924742e50 -> 6666666.666667
head: 0x5639247412a0 temp:0x563924742d90 -> 13333333.333333
head: 0x5639247412a0 current:0x563924742cd0 -> 82304.526749
--------------------EXIT FOR LOOP-----------------
Got CPU: 0x563924743090 -> 100000000
(Saligkarakia:6)/100/100ms - Switching Process In
temp_exp_burst: 6666666.666667 time: 110000000 temp_last_burst: 10000000.000000 current->exp_burst: 0.000000 
--------------------IN FOR LOOP 7-----------------
head: 0x5639247412a0 current:0x563924743090 -> 6666666.666667
head: 0x5639247412a0 temp:0x563924742fd0 -> 6666666.666667
head: 0x5639247412a0 temp:0x563924742f10 -> 6666666.666667
head: 0x5639247412a0 temp:0x563924742e50 -> 6666666.666667
head: 0x5639247412a0 temp:0x563924742d90 -> 13333333.333333
head: 0x5639247412a0 temp:0x563924742cd0 -> 82304.526749
--------------------EXIT FOR LOOP-----------------
Got CPU: 0x563924742cd0 -> 110000000
(Papakia:1)/100/109ms - Switching Process In
temp_exp_burst: 6694101.508916 time: 120000000 temp_last_burst: 10000000.000000 current->exp_burst: 82304.526749 
--------------------IN FOR LOOP 7-----------------
head: 0x5639247412a0 temp:0x563924743090 -> 6666666.666667
head: 0x5639247412a0 temp:0x563924742fd0 -> 6666666.666667
head: 0x5639247412a0 temp:0x563924742f10 -> 6666666.666667
head: 0x5639247412a0 temp:0x563924742e50 -> 6666666.666667
head: 0x5639247412a0 temp:0x563924742d90 -> 13333333.333333
head: 0x5639247412a0 current:0x563924742cd0 -> 6694101.508916
--------------------EXIT FOR LOOP-----------------
Got CPU: 0x563924743090 -> 120000000
(Saligkarakia:6)/100/119ms - Switching Process In
temp_exp_burst: 8888888.888889 time: 130000000 temp_last_burst: 10000000.000000 current->exp_burst: 6666666.666667 
--------------------IN FOR LOOP 7-----------------
head: 0x5639247412a0 current:0x563924743090 -> 8888888.888889
head: 0x5639247412a0 temp:0x563924742fd0 -> 6666666.666667
head: 0x5639247412a0 temp:0x563924742f10 -> 6666666.666667
head: 0x5639247412a0 temp:0x563924742e50 -> 6666666.666667
head: 0x5639247412a0 temp:0x563924742d90 -> 13333333.333333
head: 0x5639247412a0 temp:0x563924742cd0 -> 6694101.508916
--------------------EXIT FOR LOOP-----------------
Got CPU: 0x563924742fd0 -> 130000000
(Arkoudakia:5)/100/129ms - Switching Process In
###-Process: (Arkoudakia:5):(Arkoudi_2:7) has been created-###
temp_exp_burst: 2222222.222222 time: 130000000 temp_last_burst: 0.000000 current->exp_burst: 6666666.666667 
--------------------IN FOR LOOP 8-----------------
head: 0x5639247412a0 temp:0x563924743150 -> 0.000000
head: 0x5639247412a0 temp:0x563924743090 -> 8888888.888889
head: 0x5639247412a0 current:0x563924742fd0 -> 2222222.222222
head: 0x5639247412a0 temp:0x563924742f10 -> 6666666.666667
head: 0x5639247412a0 temp:0x563924742e50 -> 6666666.666667
head: 0x5639247412a0 temp:0x563924742d90 -> 13333333.333333
head: 0x5639247412a0 temp:0x563924742cd0 -> 6694101.508916
--------------------EXIT FOR LOOP-----------------
Got CPU: 0x563924743150 -> 130000000
(Arkoudakia:5):(Arkoudi_2:7)/100/130ms - Switching Process In
temp_exp_burst: 6666666.666667 time: 140000000 temp_last_burst: 10000000.000000 current->exp_burst: 0.000000 
--------------------IN FOR LOOP 8-----------------
head: 0x5639247412a0 current:0x563924743150 -> 6666666.666667
head: 0x5639247412a0 temp:0x563924743090 -> 8888888.888889
head: 0x5639247412a0 temp:0x563924742fd0 -> 2222222.222222
head: 0x5639247412a0 temp:0x563924742f10 -> 6666666.666667
head: 0x5639247412a0 temp:0x563924742e50 -> 6666666.666667
head: 0x5639247412a0 temp:0x563924742d90 -> 13333333.333333
head: 0x5639247412a0 temp:0x563924742cd0 -> 6694101.508916
--------------------EXIT FOR LOOP-----------------
Got CPU: 0x563924742fd0 -> 140000000
(Arkoudakia:5)/100/139ms - Switching Process In
temp_exp_burst: 7407407.407407 time: 150000000 temp_last_burst: 10000000.000000 current->exp_burst: 2222222.222222 
--------------------IN FOR LOOP 8-----------------
head: 0x5639247412a0 temp:0x563924743150 -> 6666666.666667
head: 0x5639247412a0 temp:0x563924743090 -> 8888888.888889
head: 0x5639247412a0 current:0x563924742fd0 -> 7407407.407407
head: 0x5639247412a0 temp:0x563924742f10 -> 6666666.666667
head: 0x5639247412a0 temp:0x563924742e50 -> 6666666.666667
head: 0x5639247412a0 temp:0x563924742d90 -> 13333333.333333
head: 0x5639247412a0 temp:0x563924742cd0 -> 6694101.508916
--------------------EXIT FOR LOOP-----------------
Got CPU: 0x563924743150 -> 150000000
(Arkoudakia:5):(Arkoudi_2:7)/100/149ms - Switching Process In
temp_exp_burst: 8888888.888889 time: 160000000 temp_last_burst: 10000000.000000 current->exp_burst: 6666666.666667 
--------------------IN FOR LOOP 8-----------------
head: 0x5639247412a0 current:0x563924743150 -> 8888888.888889
head: 0x5639247412a0 temp:0x563924743090 -> 8888888.888889
head: 0x5639247412a0 temp:0x563924742fd0 -> 7407407.407407
head: 0x5639247412a0 temp:0x563924742f10 -> 6666666.666667
head: 0x5639247412a0 temp:0x563924742e50 -> 6666666.666667
head: 0x5639247412a0 temp:0x563924742d90 -> 13333333.333333
head: 0x5639247412a0 temp:0x563924742cd0 -> 6694101.508916
--------------------EXIT FOR LOOP-----------------
Got CPU: 0x563924742f10 -> 160000000
(Gatakia:4)/100/159ms - Switching Process In
temp_exp_burst: 8888888.888889 time: 170000000 temp_last_burst: 10000000.000000 current->exp_burst: 6666666.666667 
--------------------IN FOR LOOP 8-----------------
head: 0x5639247412a0 temp:0x563924743150 -> 8888888.888889
head: 0x5639247412a0 temp:0x563924743090 -> 8888888.888889
head: 0x5639247412a0 temp:0x563924742fd0 -> 7407407.407407
head: 0x5639247412a0 current:0x563924742f10 -> 8888888.888889
head: 0x5639247412a0 temp:0x563924742e50 -> 6666666.666667
head: 0x5639247412a0 temp:0x563924742d90 -> 13333333.333333
head: 0x5639247412a0 temp:0x563924742cd0 -> 6694101.508916
--------------------EXIT FOR LOOP-----------------
Got CPU: 0x563924742e50 -> 170000000
(Tigrakia:3)/100/169ms - Switching Process In
temp_exp_burst: 8888888.888889 time: 180000000 temp_last_burst: 10000000.000000 current->exp_burst: 6666666.666667 
--------------------IN FOR LOOP 8-----------------
head: 0x5639247412a0 temp:0x563924743150 -> 8888888.888889
head: 0x5639247412a0 temp:0x563924743090 -> 8888888.888889
head: 0x5639247412a0 temp:0x563924742fd0 -> 7407407.407407
head: 0x5639247412a0 temp:0x563924742f10 -> 8888888.888889
head: 0x5639247412a0 current:0x563924742e50 -> 8888888.888889
head: 0x5639247412a0 temp:0x563924742d90 -> 13333333.333333
head: 0x5639247412a0 temp:0x563924742cd0 -> 6694101.508916
--------------------EXIT FOR LOOP-----------------
Got CPU: 0x563924742cd0 -> 180000000
(Papakia:1)/100/179ms - Switching Process In
temp_exp_burst: 8898033.836305 time: 190000000 temp_last_burst: 10000000.000000 current->exp_burst: 6694101.508916 
--------------------IN FOR LOOP 8-----------------
head: 0x5639247412a0 temp:0x563924743150 -> 8888888.888889
head: 0x5639247412a0 temp:0x563924743090 -> 8888888.888889
head: 0x5639247412a0 temp:0x563924742fd0 -> 7407407.407407
head: 0x5639247412a0 temp:0x563924742f10 -> 8888888.888889
head: 0x5639247412a0 temp:0x563924742e50 -> 8888888.888889
head: 0x5639247412a0 temp:0x563924742d90 -> 13333333.333333
head: 0x5639247412a0 current:0x563924742cd0 -> 8898033.836305
--------------------EXIT FOR LOOP-----------------
Got CPU: 0x563924742fd0 -> 190000000
(Arkoudakia:5)/100/189ms - Switching Process In
temp_exp_burst: 9135802.469136 time: 200000000 temp_last_burst: 10000000.000000 current->exp_burst: 7407407.407407 
--------------------IN FOR LOOP 8-----------------
head: 0x5639247412a0 temp:0x563924743150 -> 8888888.888889
head: 0x5639247412a0 temp:0x563924743090 -> 8888888.888889
head: 0x5639247412a0 current:0x563924742fd0 -> 9135802.469136
head: 0x5639247412a0 temp:0x563924742f10 -> 8888888.888889
head: 0x5639247412a0 temp:0x563924742e50 -> 8888888.888889
head: 0x5639247412a0 temp:0x563924742d90 -> 13333333.333333
head: 0x5639247412a0 temp:0x563924742cd0 -> 8898033.836305
--------------------EXIT FOR LOOP-----------------
Got CPU: 0x563924743150 -> 200000000
(Arkoudakia:5):(Arkoudi_2:7)/100/199ms - Switching Process In
temp_exp_burst: 9629629.629630 time: 210000000 temp_last_burst: 10000000.000000 current->exp_burst: 8888888.888889 
--------------------IN FOR LOOP 8-----------------
head: 0x5639247412a0 current:0x563924743150 -> 9629629.629630
head: 0x5639247412a0 temp:0x563924743090 -> 8888888.888889
head: 0x5639247412a0 temp:0x563924742fd0 -> 9135802.469136
head: 0x5639247412a0 temp:0x563924742f10 -> 8888888.888889
head: 0x5639247412a0 temp:0x563924742e50 -> 8888888.888889
head: 0x5639247412a0 temp:0x563924742d90 -> 13333333.333333
head: 0x5639247412a0 temp:0x563924742cd0 -> 8898033.836305
--------------------EXIT FOR LOOP-----------------
Got CPU: 0x563924743090 -> 210000000
(Saligkarakia:6)/100/209ms - Switching Process In
temp_exp_burst: 9629629.629630 time: 220000000 temp_last_burst: 10000000.000000 current->exp_burst: 8888888.888889 
--------------------IN FOR LOOP 8-----------------
head: 0x5639247412a0 temp:0x563924743150 -> 9629629.629630
head: 0x5639247412a0 current:0x563924743090 -> 9629629.629630
head: 0x5639247412a0 temp:0x563924742fd0 -> 9135802.469136
head: 0x5639247412a0 temp:0x563924742f10 -> 8888888.888889
head: 0x5639247412a0 temp:0x563924742e50 -> 8888888.888889
head: 0x5639247412a0 temp:0x563924742d90 -> 13333333.333333
head: 0x5639247412a0 temp:0x563924742cd0 -> 8898033.836305
--------------------EXIT FOR LOOP-----------------
Got CPU: 0x563924742f10 -> 220000000
(Gatakia:4)/100/219ms - Switching Process In
temp_exp_burst: 9629629.629630 time: 230000000 temp_last_burst: 10000000.000000 current->exp_burst: 8888888.888889 
--------------------IN FOR LOOP 8-----------------
head: 0x5639247412a0 temp:0x563924743150 -> 9629629.629630
head: 0x5639247412a0 temp:0x563924743090 -> 9629629.629630
head: 0x5639247412a0 temp:0x563924742fd0 -> 9135802.469136
head: 0x5639247412a0 current:0x563924742f10 -> 9629629.629630
head: 0x5639247412a0 temp:0x563924742e50 -> 8888888.888889
head: 0x5639247412a0 temp:0x563924742d90 -> 13333333.333333
head: 0x5639247412a0 temp:0x563924742cd0 -> 8898033.836305
--------------------EXIT FOR LOOP-----------------
Got CPU: 0x563924742e50 -> 230000000
(Tigrakia:3)/100/229ms - Switching Process In
temp_exp_burst: 9629629.629630 time: 240000000 temp_last_burst: 10000000.000000 current->exp_burst: 8888888.888889 
--------------------IN FOR LOOP 8-----------------
head: 0x5639247412a0 temp:0x563924743150 -> 9629629.629630
head: 0x5639247412a0 temp:0x563924743090 -> 9629629.629630
head: 0x5639247412a0 temp:0x563924742fd0 -> 9135802.469136
head: 0x5639247412a0 temp:0x563924742f10 -> 9629629.629630
head: 0x5639247412a0 current:0x563924742e50 -> 9629629.629630
head: 0x5639247412a0 temp:0x563924742d90 -> 13333333.333333
head: 0x5639247412a0 temp:0x563924742cd0 -> 8898033.836305
--------------------EXIT FOR LOOP-----------------
Got CPU: 0x563924742cd0 -> 240000000
(Papakia:1)/100/239ms - Switching Process In
temp_exp_burst: 9632677.945435 time: 250000000 temp_last_burst: 10000000.000000 current->exp_burst: 8898033.836305 
--------------------IN FOR LOOP 8-----------------
head: 0x5639247412a0 temp:0x563924743150 -> 9629629.629630
head: 0x5639247412a0 temp:0x563924743090 -> 9629629.629630
head: 0x5639247412a0 temp:0x563924742fd0 -> 9135802.469136
head: 0x5639247412a0 temp:0x563924742f10 -> 9629629.629630
head: 0x5639247412a0 temp:0x563924742e50 -> 9629629.629630
head: 0x5639247412a0 temp:0x563924742d90 -> 13333333.333333
head: 0x5639247412a0 current:0x563924742cd0 -> 9632677.945435
--------------------EXIT FOR LOOP-----------------
Got CPU: 0x563924742fd0 -> 250000000
(Arkoudakia:5)/100/249ms - Switching Process In
###-Process: (Arkoudakia:5):(Arkoudi_1:8) has been created-###
temp_exp_burst: 3045267.489712 time: 250000000 temp_last_burst: 0.000000 current->exp_burst: 9135802.469136 
--------------------IN FOR LOOP 9-----------------
head: 0x5639247412a0 temp:0x563924743240 -> 0.000000
head: 0x5639247412a0 temp:0x563924743150 -> 9629629.629630
head: 0x5639247412a0 temp:0x563924743090 -> 9629629.629630
head: 0x5639247412a0 current:0x563924742fd0 -> 3045267.489712
head: 0x5639247412a0 temp:0x563924742f10 -> 9629629.629630
head: 0x5639247412a0 temp:0x563924742e50 -> 9629629.629630
head: 0x5639247412a0 temp:0x563924742d90 -> 13333333.333333
head: 0x5639247412a0 temp:0x563924742cd0 -> 9632677.945435
--------------------EXIT FOR LOOP-----------------
Got CPU: 0x563924743240 -> 250000000
(Arkoudakia:5):(Arkoudi_1:8)/100/250ms - Switching Process In
temp_exp_burst: 6666666.666667 time: 260000000 temp_last_burst: 10000000.000000 current->exp_burst: 0.000000 
--------------------IN FOR LOOP 9-----------------
head: 0x5639247412a0 current:0x563924743240 -> 6666666.666667
head: 0x5639247412a0 temp:0x563924743150 -> 9629629.629630
head: 0x5639247412a0 temp:0x563924743090 -> 9629629.629630
head: 0x5639247412a0 temp:0x563924742fd0 -> 3045267.489712
head: 0x5639247412a0 temp:0x563924742f10 -> 9629629.629630
head: 0x5639247412a0 temp:0x563924742e50 -> 9629629.629630
head: 0x5639247412a0 temp:0x563924742d90 -> 13333333.333333
head: 0x5639247412a0 temp:0x563924742cd0 -> 9632677.945435
--------------------EXIT FOR LOOP-----------------
Got CPU: 0x563924742fd0 -> 260000000
(Arkoudakia:5)/100/259ms - Switching Process In
temp_exp_burst: 7681755.829904 time: 270000000 temp_last_burst: 10000000.000000 current->exp_burst: 3045267.489712 
--------------------IN FOR LOOP 9-----------------
head: 0x5639247412a0 temp:0x563924743240 -> 6666666.666667
head: 0x5639247412a0 temp:0x563924743150 -> 9629629.629630
head: 0x5639247412a0 temp:0x563924743090 -> 9629629.629630
head: 0x5639247412a0 current:0x563924742fd0 -> 7681755.829904
head: 0x5639247412a0 temp:0x563924742f10 -> 9629629.629630
head: 0x5639247412a0 temp:0x563924742e50 -> 9629629.629630
head: 0x5639247412a0 temp:0x563924742d90 -> 13333333.333333
head: 0x5639247412a0 temp:0x563924742cd0 -> 9632677.945435
--------------------EXIT FOR LOOP-----------------
Got CPU: 0x563924743240 -> 270000000
(Arkoudakia:5):(Arkoudi_1:8)/100/269ms - Switching Process In
temp_exp_burst: 8888888.888889 time: 280000000 temp_last_burst: 10000000.000000 current->exp_burst: 6666666.666667 
--------------------IN FOR LOOP 9-----------------
head: 0x5639247412a0 current:0x563924743240 -> 8888888.888889
head: 0x5639247412a0 temp:0x563924743150 -> 9629629.629630
head: 0x5639247412a0 temp:0x563924743090 -> 9629629.629630
head: 0x5639247412a0 temp:0x563924742fd0 -> 7681755.829904
head: 0x5639247412a0 temp:0x563924742f10 -> 9629629.629630
head: 0x5639247412a0 temp:0x563924742e50 -> 9629629.629630
head: 0x5639247412a0 temp:0x563924742d90 -> 13333333.333333
head: 0x5639247412a0 temp:0x563924742cd0 -> 9632677.945435
--------------------EXIT FOR LOOP-----------------
Got CPU: 0x563924742fd0 -> 280000000
(Arkoudakia:5)/100/279ms - Switching Process In
temp_exp_burst: 9227251.943301 time: 290000000 temp_last_burst: 10000000.000000 current->exp_burst: 7681755.829904 
--------------------IN FOR LOOP 9-----------------
head: 0x5639247412a0 temp:0x563924743240 -> 8888888.888889
head: 0x5639247412a0 temp:0x563924743150 -> 9629629.629630
head: 0x5639247412a0 temp:0x563924743090 -> 9629629.629630
head: 0x5639247412a0 current:0x563924742fd0 -> 9227251.943301
head: 0x5639247412a0 temp:0x563924742f10 -> 9629629.629630
head: 0x5639247412a0 temp:0x563924742e50 -> 9629629.629630
head: 0x5639247412a0 temp:0x563924742d90 -> 13333333.333333
head: 0x5639247412a0 temp:0x563924742cd0 -> 9632677.945435
--------------------EXIT FOR LOOP-----------------
Got CPU: 0x563924743240 -> 290000000
(Arkoudakia:5):(Arkoudi_1:8)/100/289ms - Switching Process In
temp_exp_burst: 9629629.629630 time: 300000000 temp_last_burst: 10000000.000000 current->exp_burst: 8888888.888889 
--------------------IN FOR LOOP 9-----------------
head: 0x5639247412a0 current:0x563924743240 -> 9629629.629630
head: 0x5639247412a0 temp:0x563924743150 -> 9629629.629630
head: 0x5639247412a0 temp:0x563924743090 -> 9629629.629630
head: 0x5639247412a0 temp:0x563924742fd0 -> 9227251.943301
head: 0x5639247412a0 temp:0x563924742f10 -> 9629629.629630
head: 0x5639247412a0 temp:0x563924742e50 -> 9629629.629630
head: 0x5639247412a0 temp:0x563924742d90 -> 13333333.333333
head: 0x5639247412a0 temp:0x563924742cd0 -> 9632677.945435
--------------------EXIT FOR LOOP-----------------
Got CPU: 0x563924742fd0 -> 300000000
(Arkoudakia:5)/100/299ms - Switching Process In
temp_exp_burst: 9742417.314434 time: 310000000 temp_last_burst: 10000000.000000 current->exp_burst: 9227251.943301 
--------------------IN FOR LOOP 9-----------------
head: 0x5639247412a0 temp:0x563924743240 -> 9629629.629630
head: 0x5639247412a0 temp:0x563924743150 -> 9629629.629630
head: 0x5639247412a0 temp:0x563924743090 -> 9629629.629630
head: 0x5639247412a0 current:0x563924742fd0 -> 9742417.314434
head: 0x5639247412a0 temp:0x563924742f10 -> 9629629.629630
head: 0x5639247412a0 temp:0x563924742e50 -> 9629629.629630
head: 0x5639247412a0 temp:0x563924742d90 -> 13333333.333333
head: 0x5639247412a0 temp:0x563924742cd0 -> 9632677.945435
--------------------EXIT FOR LOOP-----------------
Got CPU: 0x563924743240 -> 310000000
(Arkoudakia:5):(Arkoudi_1:8)/100/309ms - Switching Process In
temp_exp_burst: 9876543.209877 time: 320000000 temp_last_burst: 10000000.000000 current->exp_burst: 9629629.629630 
--------------------IN FOR LOOP 9-----------------
head: 0x5639247412a0 current:0x563924743240 -> 9876543.209877
head: 0x5639247412a0 temp:0x563924743150 -> 9629629.629630
head: 0x5639247412a0 temp:0x563924743090 -> 9629629.629630
head: 0x5639247412a0 temp:0x563924742fd0 -> 9742417.314434
head: 0x5639247412a0 temp:0x563924742f10 -> 9629629.629630
head: 0x5639247412a0 temp:0x563924742e50 -> 9629629.629630
head: 0x5639247412a0 temp:0x563924742d90 -> 13333333.333333
head: 0x5639247412a0 temp:0x563924742cd0 -> 9632677.945435
--------------------EXIT FOR LOOP-----------------
Got CPU: 0x563924743150 -> 320000000
(Arkoudakia:5):(Arkoudi_2:7)/100/319ms - Switching Process In
temp_exp_burst: 9876543.209877 time: 330000000 temp_last_burst: 10000000.000000 current->exp_burst: 9629629.629630 
--------------------IN FOR LOOP 9-----------------
head: 0x5639247412a0 temp:0x563924743240 -> 9876543.209877
head: 0x5639247412a0 current:0x563924743150 -> 9876543.209877
head: 0x5639247412a0 temp:0x563924743090 -> 9629629.629630
head: 0x5639247412a0 temp:0x563924742fd0 -> 9742417.314434
head: 0x5639247412a0 temp:0x563924742f10 -> 9629629.629630
head: 0x5639247412a0 temp:0x563924742e50 -> 9629629.629630
head: 0x5639247412a0 temp:0x563924742d90 -> 13333333.333333
head: 0x5639247412a0 temp:0x563924742cd0 -> 9632677.945435
--------------------EXIT FOR LOOP-----------------
Got CPU: 0x563924743090 -> 330000000
(Saligkarakia:6)/100/329ms - Switching Process In
temp_exp_burst: 9876543.209877 time: 340000000 temp_last_burst: 10000000.000000 current->exp_burst: 9629629.629630 
--------------------IN FOR LOOP 9-----------------
head: 0x5639247412a0 temp:0x563924743240 -> 9876543.209877
head: 0x5639247412a0 temp:0x563924743150 -> 9876543.209877
head: 0x5639247412a0 current:0x563924743090 -> 9876543.209877
head: 0x5639247412a0 temp:0x563924742fd0 -> 9742417.314434
head: 0x5639247412a0 temp:0x563924742f10 -> 9629629.629630
head: 0x5639247412a0 temp:0x563924742e50 -> 9629629.629630
head: 0x5639247412a0 temp:0x563924742d90 -> 13333333.333333
head: 0x5639247412a0 temp:0x563924742cd0 -> 9632677.945435
--------------------EXIT FOR LOOP-----------------
Got CPU: 0x563924742f10 -> 340000000
(Gatakia:4)/100/339ms - Switching Process In
temp_exp_burst: 9876543.209877 time: 350000000 temp_last_burst: 10000000.000000 current->exp_burst: 9629629.629630 
--------------------IN FOR LOOP 9-----------------
head: 0x5639247412a0 temp:0x563924743240 -> 9876543.209877
head: 0x5639247412a0 temp:0x563924743150 -> 9876543.209877
head: 0x5639247412a0 temp:0x563924743090 -> 9876543.209877
head: 0x5639247412a0 temp:0x563924742fd0 -> 9742417.314434
head: 0x5639247412a0 current:0x563924742f10 -> 9876543.209877
head: 0x5639247412a0 temp:0x563924742e50 -> 9629629.629630
head: 0x5639247412a0 temp:0x563924742d90 -> 13333333.333333
head: 0x5639247412a0 temp:0x563924742cd0 -> 9632677.945435
--------------------EXIT FOR LOOP-----------------
Got CPU: 0x563924742e50 -> 350000000
(Tigrakia:3)/100/349ms - Switching Process In
temp_exp_burst: 9876543.209877 time: 360000000 temp_last_burst: 10000000.000000 current->exp_burst: 9629629.629630 
--------------------IN FOR LOOP 9-----------------
head: 0x5639247412a0 temp:0x563924743240 -> 9876543.209877
head: 0x5639247412a0 temp:0x563924743150 -> 9876543.209877
head: 0x5639247412a0 temp:0x563924743090 -> 9876543.209877
head: 0x5639247412a0 temp:0x563924742fd0 -> 9742417.314434
head: 0x5639247412a0 temp:0x563924742f10 -> 9876543.209877
head: 0x5639247412a0 current:0x563924742e50 -> 9876543.209877
head: 0x5639247412a0 temp:0x563924742d90 -> 13333333.333333
head: 0x5639247412a0 temp:0x563924742cd0 -> 9632677.945435
--------------------EXIT FOR LOOP-----------------
Got CPU: 0x563924742cd0 -> 360000000
(Papakia:1)/100/359ms - Switching Process In
temp_exp_burst: 9877559.315145 time: 370000000 temp_last_burst: 10000000.000000 current->exp_burst: 9632677.945435 
--------------------IN FOR LOOP 9-----------------
head: 0x5639247412a0 temp:0x563924743240 -> 9876543.209877
head: 0x5639247412a0 temp:0x563924743150 -> 9876543.209877
head: 0x5639247412a0 temp:0x563924743090 -> 9876543.209877
head: 0x5639247412a0 temp:0x563924742fd0 -> 9742417.314434
head: 0x5639247412a0 temp:0x563924742f10 -> 9876543.209877
head: 0x5639247412a0 temp:0x563924742e50 -> 9876543.209877
head: 0x5639247412a0 temp:0x563924742d90 -> 13333333.333333
head: 0x5639247412a0 current:0x563924742cd0 -> 9877559.315145
--------------------EXIT FOR LOOP-----------------
Got CPU: 0x563924742fd0 -> 370000000
(Arkoudakia:5)/100/369ms - Switching Process In
temp_exp_burst: 9914139.104811 time: 380000000 temp_last_burst: 10000000.000000 current->exp_burst: 9742417.314434 
--------------------IN FOR LOOP 9-----------------
head: 0x5639247412a0 temp:0x563924743240 -> 9876543.209877
head: 0x5639247412a0 temp:0x563924743150 -> 9876543.209877
head: 0x5639247412a0 temp:0x563924743090 -> 9876543.209877
head: 0x5639247412a0 current:0x563924742fd0 -> 9914139.104811
head: 0x5639247412a0 temp:0x563924742f10 -> 9876543.209877
head: 0x5639247412a0 temp:0x563924742e50 -> 9876543.209877
head: 0x5639247412a0 temp:0x563924742d90 -> 13333333.333333
head: 0x5639247412a0 temp:0x563924742cd0 -> 9877559.315145
--------------------EXIT FOR LOOP-----------------
Got CPU: 0x563924743240 -> 380000000
(Arkoudakia:5):(Arkoudi_1:8)/100/379ms - Switching Process In
temp_exp_burst: 9958847.736626 time: 390000000 temp_last_burst: 10000000.000000 current->exp_burst: 9876543.209877 
--------------------IN FOR LOOP 9-----------------
head: 0x5639247412a0 current:0x563924743240 -> 9958847.736626
head: 0x5639247412a0 temp:0x563924743150 -> 9876543.209877
head: 0x5639247412a0 temp:0x563924743090 -> 9876543.209877
head: 0x5639247412a0 temp:0x563924742fd0 -> 9914139.104811
head: 0x5639247412a0 temp:0x563924742f10 -> 9876543.209877
head: 0x5639247412a0 temp:0x563924742e50 -> 9876543.209877
head: 0x5639247412a0 temp:0x563924742d90 -> 13333333.333333
head: 0x5639247412a0 temp:0x563924742cd0 -> 9877559.315145
--------------------EXIT FOR LOOP-----------------
Got CPU: 0x563924743150 -> 390000000
(Arkoudakia:5):(Arkoudi_2:7)/100/389ms - Switching Process In
	(Arkoudakia:5):(Arkoudi_2:7)/100/395ms - Going to Sleep
temp_exp_burst: 1097393.689986 time: 390000000 temp_last_burst: 0.000000 current->exp_burst: 3292181.069959 
--------------------IN FOR LOOP 8-----------------
head: 0x5639247412a0 temp:0x563924743240 -> 9958847.736626
head: 0x5639247412a0 temp:0x563924743090 -> 9876543.209877
head: 0x5639247412a0 temp:0x563924742fd0 -> 9914139.104811
head: 0x5639247412a0 temp:0x563924742f10 -> 9876543.209877
head: 0x5639247412a0 temp:0x563924742e50 -> 9876543.209877
head: 0x5639247412a0 temp:0x563924742d90 -> 13333333.333333
head: 0x5639247412a0 temp:0x563924742cd0 -> 9877559.315145
--------------------EXIT FOR LOOP-----------------
Got CPU: 0x563924743090 -> 390000000
(Saligkarakia:6)/100/396ms - Switching Process In
temp_exp_burst: 9958847.736626 time: 400000000 temp_last_burst: 10000000.000000 current->exp_burst: 9876543.209877 
--------------------IN FOR LOOP 8-----------------
head: 0x5639247412a0 temp:0x563924743240 -> 9958847.736626
head: 0x5639247412a0 current:0x563924743090 -> 9958847.736626
head: 0x5639247412a0 temp:0x563924742fd0 -> 9914139.104811
head: 0x5639247412a0 temp:0x563924742f10 -> 9876543.209877
head: 0x5639247412a0 temp:0x563924742e50 -> 9876543.209877
head: 0x5639247412a0 temp:0x563924742d90 -> 13333333.333333
head: 0x5639247412a0 temp:0x563924742cd0 -> 9877559.315145
--------------------EXIT FOR LOOP-----------------
Got CPU: 0x563924742f10 -> 400000000
(Gatakia:4)/100/399ms - Switching Process In
temp_exp_burst: 9958847.736626 time: 410000000 temp_last_burst: 10000000.000000 current->exp_burst: 9876543.209877 
--------------------IN FOR LOOP 8-----------------
head: 0x5639247412a0 temp:0x563924743240 -> 9958847.736626
head: 0x5639247412a0 temp:0x563924743090 -> 9958847.736626
head: 0x5639247412a0 temp:0x563924742fd0 -> 9914139.104811
head: 0x5639247412a0 current:0x563924742f10 -> 9958847.736626
head: 0x5639247412a0 temp:0x563924742e50 -> 9876543.209877
head: 0x5639247412a0 temp:0x563924742d90 -> 13333333.333333
head: 0x5639247412a0 temp:0x563924742cd0 -> 9877559.315145
--------------------EXIT FOR LOOP-----------------
Got CPU: 0x563924742e50 -> 410000000
(Tigrakia:3)/100/409ms - Switching Process In
temp_exp_burst: 9958847.736626 time: 420000000 temp_last_burst: 10000000.000000 current->exp_burst: 9876543.209877 
--------------------IN FOR LOOP 8-----------------
head: 0x5639247412a0 temp:0x563924743240 -> 9958847.736626
head: 0x5639247412a0 temp:0x563924743090 -> 9958847.736626
head: 0x5639247412a0 temp:0x563924742fd0 -> 9914139.104811
head: 0x5639247412a0 temp:0x563924742f10 -> 9958847.736626
head: 0x5639247412a0 current:0x563924742e50 -> 9958847.736626
head: 0x5639247412a0 temp:0x563924742d90 -> 13333333.333333
head: 0x5639247412a0 temp:0x563924742cd0 -> 9877559.315145
--------------------EXIT FOR LOOP-----------------
Got CPU: 0x563924742cd0 -> 420000000
(Papakia:1)/100/419ms - Switching Process In
temp_exp_burst: 9959186.438382 time: 430000000 temp_last_burst: 10000000.000000 current->exp_burst: 9877559.315145 
--------------------IN FOR LOOP 8-----------------
head: 0x5639247412a0 temp:0x563924743240 -> 9958847.736626
head: 0x5639247412a0 temp:0x563924743090 -> 9958847.736626
head: 0x5639247412a0 temp:0x563924742fd0 -> 9914139.104811
head: 0x5639247412a0 temp:0x563924742f10 -> 9958847.736626
head: 0x5639247412a0 temp:0x563924742e50 -> 9958847.736626
head: 0x5639247412a0 temp:0x563924742d90 -> 13333333.333333
head: 0x5639247412a0 current:0x563924742cd0 -> 9959186.438382
--------------------EXIT FOR LOOP-----------------
Got CPU: 0x563924742fd0 -> 430000000
(Arkoudakia:5)/100/429ms - Switching Process In
temp_exp_burst: 9971379.701604 time: 440000000 temp_last_burst: 10000000.000000 current->exp_burst: 9914139.104811 
--------------------IN FOR LOOP 8-----------------
head: 0x5639247412a0 temp:0x563924743240 -> 9958847.736626
head: 0x5639247412a0 temp:0x563924743090 -> 9958847.736626
head: 0x5639247412a0 current:0x563924742fd0 -> 9971379.701604
head: 0x5639247412a0 temp:0x563924742f10 -> 9958847.736626
head: 0x5639247412a0 temp:0x563924742e50 -> 9958847.736626
head: 0x5639247412a0 temp:0x563924742d90 -> 13333333.333333
head: 0x5639247412a0 temp:0x563924742cd0 -> 9959186.438382
--------------------EXIT FOR LOOP-----------------
Got CPU: 0x563924743240 -> 440000000
(Arkoudakia:5):(Arkoudi_1:8)/100/439ms - Switching Process In
temp_exp_burst: 9986282.578875 time: 450000000 temp_last_burst: 10000000.000000 current->exp_burst: 9958847.736626 
--------------------IN FOR LOOP 8-----------------
head: 0x5639247412a0 current:0x563924743240 -> 9986282.578875
head: 0x5639247412a0 temp:0x563924743090 -> 9958847.736626
head: 0x5639247412a0 temp:0x563924742fd0 -> 9971379.701604
head: 0x5639247412a0 temp:0x563924742f10 -> 9958847.736626
head: 0x5639247412a0 temp:0x563924742e50 -> 9958847.736626
head: 0x5639247412a0 temp:0x563924742d90 -> 13333333.333333
head: 0x5639247412a0 temp:0x563924742cd0 -> 9959186.438382
--------------------EXIT FOR LOOP-----------------
Got CPU: 0x563924743090 -> 450000000
(Saligkarakia:6)/100/449ms - Switching Process In
temp_exp_burst: 9986282.578875 time: 460000000 temp_last_burst: 10000000.000000 current->exp_burst: 9958847.736626 
--------------------IN FOR LOOP 8-----------------
head: 0x5639247412a0 temp:0x563924743240 -> 9986282.578875
head: 0x5639247412a0 current:0x563924743090 -> 9986282.578875
head: 0x5639247412a0 temp:0x563924742fd0 -> 9971379.701604
head: 0x5639247412a0 temp:0x563924742f10 -> 9958847.736626
head: 0x5639247412a0 temp:0x563924742e50 -> 9958847.736626
head: 0x5639247412a0 temp:0x563924742d90 -> 13333333.333333
head: 0x5639247412a0 temp:0x563924742cd0 -> 9959186.438382
--------------------EXIT FOR LOOP-----------------
Got CPU: 0x563924742f10 -> 460000000
(Gatakia:4)/100/459ms - Switching Process In
temp_exp_burst: 9986282.578875 time: 470000000 temp_last_burst: 10000000.000000 current->exp_burst: 9958847.736626 
--------------------IN FOR LOOP 8-----------------
head: 0x5639247412a0 temp:0x563924743240 -> 9986282.578875
head: 0x5639247412a0 temp:0x563924743090 -> 9986282.578875
head: 0x5639247412a0 temp:0x563924742fd0 -> 9971379.701604
head: 0x5639247412a0 current:0x563924742f10 -> 9986282.578875
head: 0x5639247412a0 temp:0x563924742e50 -> 9958847.736626
head: 0x5639247412a0 temp:0x563924742d90 -> 13333333.333333
head: 0x5639247412a0 temp:0x563924742cd0 -> 9959186.438382
--------------------EXIT FOR LOOP-----------------
Got CPU: 0x563924742e50 -> 470000000
(Tigrakia:3)/100/469ms - Switching Process In
temp_exp_burst: 9986282.578875 time: 480000000 temp_last_burst: 10000000.000000 current->exp_burst: 9958847.736626 
--------------------IN FOR LOOP 8-----------------
head: 0x5639247412a0 temp:0x563924743240 -> 9986282.578875
head: 0x5639247412a0 temp:0x563924743090 -> 9986282.578875
head: 0x5639247412a0 temp:0x563924742fd0 -> 9971379.701604
head: 0x5639247412a0 temp:0x563924742f10 -> 9986282.578875
head: 0x5639247412a0 current:0x563924742e50 -> 9986282.578875
head: 0x5639247412a0 temp:0x563924742d90 -> 13333333.333333
head: 0x5639247412a0 temp:0x563924742cd0 -> 9959186.438382
--------------------EXIT FOR LOOP-----------------
Got CPU: 0x563924742cd0 -> 480000000
(Papakia:1)/100/479ms - Switching Process In
temp_exp_burst: 9986395.479461 time: 490000000 temp_last_burst: 10000000.000000 current->exp_burst: 9959186.438382 
--------------------IN FOR LOOP 8-----------------
head: 0x5639247412a0 temp:0x563924743240 -> 9986282.578875
head: 0x5639247412a0 temp:0x563924743090 -> 9986282.578875
head: 0x5639247412a0 temp:0x563924742fd0 -> 9971379.701604
head: 0x5639247412a0 temp:0x563924742f10 -> 9986282.578875
head: 0x5639247412a0 temp:0x563924742e50 -> 9986282.578875
head: 0x5639247412a0 temp:0x563924742d90 -> 13333333.333333
head: 0x5639247412a0 current:0x563924742cd0 -> 9986395.479461
--------------------EXIT FOR LOOP-----------------
Got CPU: 0x563924742fd0 -> 490000000
(Arkoudakia:5)/100/489ms - Switching Process In
temp_exp_burst: 9990459.900535 time: 500000000 temp_last_burst: 10000000.000000 current->exp_burst: 9971379.701604 
--------------------IN FOR LOOP 8-----------------
head: 0x5639247412a0 temp:0x563924743240 -> 9986282.578875
head: 0x5639247412a0 temp:0x563924743090 -> 9986282.578875
head: 0x5639247412a0 current:0x563924742fd0 -> 9990459.900535
head: 0x5639247412a0 temp:0x563924742f10 -> 9986282.578875
head: 0x5639247412a0 temp:0x563924742e50 -> 9986282.578875
head: 0x5639247412a0 temp:0x563924742d90 -> 13333333.333333
head: 0x5639247412a0 temp:0x563924742cd0 -> 9986395.479461
--------------------EXIT FOR LOOP-----------------
Got CPU: 0x563924743240 -> 500000000
(Arkoudakia:5):(Arkoudi_1:8)/100/499ms - Switching Process In
temp_exp_burst: 9995427.526292 time: 510000000 temp_last_burst: 10000000.000000 current->exp_burst: 9986282.578875 
--------------------IN FOR LOOP 8-----------------
head: 0x5639247412a0 current:0x563924743240 -> 9995427.526292
head: 0x5639247412a0 temp:0x563924743090 -> 9986282.578875
head: 0x5639247412a0 temp:0x563924742fd0 -> 9990459.900535
head: 0x5639247412a0 temp:0x563924742f10 -> 9986282.578875
head: 0x5639247412a0 temp:0x563924742e50 -> 9986282.578875
head: 0x5639247412a0 temp:0x563924742d90 -> 13333333.333333
head: 0x5639247412a0 temp:0x563924742cd0 -> 9986395.479461
--------------------EXIT FOR LOOP-----------------
Got CPU: 0x563924743090 -> 510000000
(Saligkarakia:6)/100/509ms - Switching Process In
temp_exp_burst: 9995427.526292 time: 520000000 temp_last_burst: 10000000.000000 current->exp_burst: 9986282.578875 
--------------------IN FOR LOOP 8-----------------
head: 0x5639247412a0 temp:0x563924743240 -> 9995427.526292
head: 0x5639247412a0 current:0x563924743090 -> 9995427.526292
head: 0x5639247412a0 temp:0x563924742fd0 -> 9990459.900535
head: 0x5639247412a0 temp:0x563924742f10 -> 9986282.578875
head: 0x5639247412a0 temp:0x563924742e50 -> 9986282.578875
head: 0x5639247412a0 temp:0x563924742d90 -> 13333333.333333
head: 0x5639247412a0 temp:0x563924742cd0 -> 9986395.479461
--------------------EXIT FOR LOOP-----------------
Got CPU: 0x563924742f10 -> 520000000
(Gatakia:4)/100/519ms - Switching Process In
temp_exp_burst: 9995427.526292 time: 530000000 temp_last_burst: 10000000.000000 current->exp_burst: 9986282.578875 
--------------------IN FOR LOOP 8-----------------
head: 0x5639247412a0 temp:0x563924743240 -> 9995427.526292
head: 0x5639247412a0 temp:0x563924743090 -> 9995427.526292
head: 0x5639247412a0 temp:0x563924742fd0 -> 9990459.900535
head: 0x5639247412a0 current:0x563924742f10 -> 9995427.526292
head: 0x5639247412a0 temp:0x563924742e50 -> 9986282.578875
head: 0x5639247412a0 temp:0x563924742d90 -> 13333333.333333
head: 0x5639247412a0 temp:0x563924742cd0 -> 9986395.479461
--------------------EXIT FOR LOOP-----------------
Got CPU: 0x563924742e50 -> 530000000
(Tigrakia:3)/100/529ms - Switching Process In
temp_exp_burst: 9995427.526292 time: 540000000 temp_last_burst: 10000000.000000 current->exp_burst: 9986282.578875 
--------------------IN FOR LOOP 8-----------------
head: 0x5639247412a0 temp:0x563924743240 -> 9995427.526292
head: 0x5639247412a0 temp:0x563924743090 -> 9995427.526292
head: 0x5639247412a0 temp:0x563924742fd0 -> 9990459.900535
head: 0x5639247412a0 temp:0x563924742f10 -> 9995427.526292
head: 0x5639247412a0 current:0x563924742e50 -> 9995427.526292
head: 0x5639247412a0 temp:0x563924742d90 -> 13333333.333333
head: 0x5639247412a0 temp:0x563924742cd0 -> 9986395.479461
--------------------EXIT FOR LOOP-----------------
Got CPU: 0x563924742cd0 -> 540000000
(Papakia:1)/100/539ms - Switching Process In
	(Papakia:1)/100/546ms - Going to Sleep
temp_exp_burst: 1109599.497718 time: 540000000 temp_last_burst: 0.000000 current->exp_burst: 3328798.493154 
--------------------IN FOR LOOP 7-----------------
head: 0x5639247412a0 temp:0x563924743240 -> 9995427.526292
head: 0x5639247412a0 temp:0x563924743090 -> 9995427.526292
head: 0x5639247412a0 temp:0x563924742fd0 -> 9990459.900535
head: 0x5639247412a0 temp:0x563924742f10 -> 9995427.526292
head: 0x5639247412a0 temp:0x563924742e50 -> 9995427.526292
head: 0x5639247412a0 temp:0x563924742d90 -> 13333333.333333
--------------------EXIT FOR LOOP-----------------
Got CPU: 0x563924742fd0 -> 540000000
(Arkoudakia:5)/100/547ms - Switching Process In
temp_exp_burst: 9996819.966845 time: 550000000 temp_last_burst: 10000000.000000 current->exp_burst: 9990459.900535 
--------------------IN FOR LOOP 7-----------------
head: 0x5639247412a0 temp:0x563924743240 -> 9995427.526292
head: 0x5639247412a0 temp:0x563924743090 -> 9995427.526292
head: 0x5639247412a0 current:0x563924742fd0 -> 9996819.966845
head: 0x5639247412a0 temp:0x563924742f10 -> 9995427.526292
head: 0x5639247412a0 temp:0x563924742e50 -> 9995427.526292
head: 0x5639247412a0 temp:0x563924742d90 -> 13333333.333333
--------------------EXIT FOR LOOP-----------------
Got CPU: 0x563924743240 -> 550000000
(Arkoudakia:5):(Arkoudi_1:8)/100/549ms - Switching Process In
temp_exp_burst: 9998475.842097 time: 560000000 temp_last_burst: 10000000.000000 current->exp_burst: 9995427.526292 
--------------------IN FOR LOOP 7-----------------
head: 0x5639247412a0 current:0x563924743240 -> 9998475.842097
head: 0x5639247412a0 temp:0x563924743090 -> 9995427.526292
head: 0x5639247412a0 temp:0x563924742fd0 -> 9996819.966845
head: 0x5639247412a0 temp:0x563924742f10 -> 9995427.526292
head: 0x5639247412a0 temp:0x563924742e50 -> 9995427.526292
head: 0x5639247412a0 temp:0x563924742d90 -> 13333333.333333
--------------------EXIT FOR LOOP-----------------
Got CPU: 0x563924743090 -> 560000000
(Saligkarakia:6)/100/559ms - Switching Process In
temp_exp_burst: 9998475.842097 time: 570000000 temp_last_burst: 10000000.000000 current->exp_burst: 9995427.526292 
--------------------IN FOR LOOP 7-----------------
head: 0x5639247412a0 temp:0x563924743240 -> 9998475.842097
head: 0x5639247412a0 current:0x563924743090 -> 9998475.842097
head: 0x5639247412a0 temp:0x563924742fd0 -> 9996819.966845
head: 0x5639247412a0 temp:0x563924742f10 -> 9995427.526292
head: 0x5639247412a0 temp:0x563924742e50 -> 9995427.526292
head: 0x5639247412a0 temp:0x563924742d90 -> 13333333.333333
--------------------EXIT FOR LOOP-----------------
Got CPU: 0x563924742f10 -> 570000000
(Gatakia:4)/100/569ms - Switching Process In
temp_exp_burst: 9998475.842097 time: 580000000 temp_last_burst: 10000000.000000 current->exp_burst: 9995427.526292 
--------------------IN FOR LOOP 7-----------------
head: 0x5639247412a0 temp:0x563924743240 -> 9998475.842097
head: 0x5639247412a0 temp:0x563924743090 -> 9998475.842097
head: 0x5639247412a0 temp:0x563924742fd0 -> 9996819.966845
head: 0x5639247412a0 current:0x563924742f10 -> 9998475.842097
head: 0x5639247412a0 temp:0x563924742e50 -> 9995427.526292
head: 0x5639247412a0 temp:0x563924742d90 -> 13333333.333333
--------------------EXIT FOR LOOP-----------------
Got CPU: 0x563924742e50 -> 580000000
(Tigrakia:3)/100/579ms - Switching Process In
temp_exp_burst: 9998475.842097 time: 590000000 temp_last_burst: 10000000.000000 current->exp_burst: 9995427.526292 
--------------------IN FOR LOOP 7-----------------
head: 0x5639247412a0 temp:0x563924743240 -> 9998475.842097
head: 0x5639247412a0 temp:0x563924743090 -> 9998475.842097
head: 0x5639247412a0 temp:0x563924742fd0 -> 9996819.966845
head: 0x5639247412a0 temp:0x563924742f10 -> 9998475.842097
head: 0x5639247412a0 current:0x563924742e50 -> 9998475.842097
head: 0x5639247412a0 temp:0x563924742d90 -> 13333333.333333
--------------------EXIT FOR LOOP-----------------
Got CPU: 0x563924742fd0 -> 590000000
(Arkoudakia:5)/100/589ms - Switching Process In
temp_exp_burst: 9998939.988948 time: 600000000 temp_last_burst: 10000000.000000 current->exp_burst: 9996819.966845 
--------------------IN FOR LOOP 7-----------------
head: 0x5639247412a0 temp:0x563924743240 -> 9998475.842097
head: 0x5639247412a0 temp:0x563924743090 -> 9998475.842097
head: 0x5639247412a0 current:0x563924742fd0 -> 9998939.988948
head: 0x5639247412a0 temp:0x563924742f10 -> 9998475.842097
head: 0x5639247412a0 temp:0x563924742e50 -> 9998475.842097
head: 0x5639247412a0 temp:0x563924742d90 -> 13333333.333333
--------------------EXIT FOR LOOP-----------------
Got CPU: 0x563924743240 -> 600000000
(Arkoudakia:5):(Arkoudi_1:8)/100/599ms - Switching Process In
temp_exp_burst: 9999491.947366 time: 610000000 temp_last_burst: 10000000.000000 current->exp_burst: 9998475.842097 
--------------------IN FOR LOOP 7-----------------
head: 0x5639247412a0 current:0x563924743240 -> 9999491.947366
head: 0x5639247412a0 temp:0x563924743090 -> 9998475.842097
head: 0x5639247412a0 temp:0x563924742fd0 -> 9998939.988948
head: 0x5639247412a0 temp:0x563924742f10 -> 9998475.842097
head: 0x5639247412a0 temp:0x563924742e50 -> 9998475.842097
head: 0x5639247412a0 temp:0x563924742d90 -> 13333333.333333
--------------------EXIT FOR LOOP-----------------
Got CPU: 0x563924743090 -> 610000000
(Saligkarakia:6)/100/609ms - Switching Process In
temp_exp_burst: 9999491.947366 time: 620000000 temp_last_burst: 10000000.000000 current->exp_burst: 9998475.842097 
--------------------IN FOR LOOP 7-----------------
head: 0x5639247412a0 temp:0x563924743240 -> 9999491.947366
head: 0x5639247412a0 current:0x563924743090 -> 9999491.947366
head: 0x5639247412a0 temp:0x563924742fd0 -> 9998939.988948
head: 0x5639247412a0 temp:0x563924742f10 -> 9998475.842097
head: 0x5639247412a0 temp:0x563924742e50 -> 9998475.842097
head: 0x5639247412a0 temp:0x563924742d90 -> 13333333.333333
--------------------EXIT FOR LOOP-----------------
Got CPU: 0x563924742f10 -> 620000000
(Gatakia:4)/100/619ms - Switching Process In
###-An Interrupt has fired!-###
	(Arkoudakia:5):(Arkoudi_2:7)/100/621ms - Waking Up from Sleep
	(Papakia:1)/100/621ms - Waking Up from Sleep
temp_exp_burst: 3332825.280699 time: 620000000 temp_last_burst: 0.000000 current->exp_burst: 9998475.842097 
--------------------IN FOR LOOP 9-----------------
head: 0x5639247412a0 temp:0x563924742cd0 -> 1109599.497718
head: 0x5639247412a0 temp:0x563924743150 -> 1097393.689986
head: 0x5639247412a0 temp:0x563924743240 -> 9999491.947366
head: 0x5639247412a0 temp:0x563924743090 -> 9999491.947366
head: 0x5639247412a0 temp:0x563924742fd0 -> 9998939.988948
head: 0x5639247412a0 current:0x563924742f10 -> 3332825.280699
head: 0x5639247412a0 temp:0x563924742e50 -> 9998475.842097
head: 0x5639247412a0 temp:0x563924742d90 -> 13333333.333333
--------------------EXIT FOR LOOP-----------------
Got CPU: 0x563924743150 -> 620000000
(Arkoudakia:5):(Arkoudi_2:7)/100/622ms - Switching Process In
	(Arkoudakia:5):(Arkoudi_2:7)/100/626ms - Going to Sleep
temp_exp_burst: 121932.632221 time: 620000000 temp_last_burst: 0.000000 current->exp_burst: 365797.896662 
--------------------IN FOR LOOP 8-----------------
head: 0x5639247412a0 temp:0x563924742cd0 -> 1109599.497718
head: 0x5639247412a0 temp:0x563924743240 -> 9999491.947366
head: 0x5639247412a0 temp:0x563924743090 -> 9999491.947366
head: 0x5639247412a0 temp:0x563924742fd0 -> 9998939.988948
head: 0x5639247412a0 temp:0x563924742f10 -> 3332825.280699
head: 0x5639247412a0 temp:0x563924742e50 -> 9998475.842097
head: 0x5639247412a0 temp:0x563924742d90 -> 13333333.333333
--------------------EXIT FOR LOOP-----------------
Got CPU: 0x563924742cd0 -> 620000000
(Papakia:1)/100/627ms - Switching Process In
temp_exp_burst: 7036533.165906 time: 630000000 temp_last_burst: 10000000.000000 current->exp_burst: 1109599.497718 
--------------------IN FOR LOOP 8-----------------
head: 0x5639247412a0 current:0x563924742cd0 -> 7036533.165906
head: 0x5639247412a0 temp:0x563924743240 -> 9999491.947366
head: 0x5639247412a0 temp:0x563924743090 -> 9999491.947366
head: 0x5639247412a0 temp:0x563924742fd0 -> 9998939.988948
head: 0x5639247412a0 temp:0x563924742f10 -> 3332825.280699
head: 0x5639247412a0 temp:0x563924742e50 -> 9998475.842097
head: 0x5639247412a0 temp:0x563924742d90 -> 13333333.333333
--------------------EXIT FOR LOOP-----------------
Got CPU: 0x563924742f10 -> 630000000
(Gatakia:4)/100/629ms - Switching Process In
temp_exp_burst: 7777608.426900 time: 640000000 temp_last_burst: 10000000.000000 current->exp_burst: 3332825.280699 
--------------------IN FOR LOOP 8-----------------
head: 0x5639247412a0 temp:0x563924742cd0 -> 7036533.165906
head: 0x5639247412a0 temp:0x563924743240 -> 9999491.947366
head: 0x5639247412a0 temp:0x563924743090 -> 9999491.947366
head: 0x5639247412a0 temp:0x563924742fd0 -> 9998939.988948
head: 0x5639247412a0 current:0x563924742f10 -> 7777608.426900
head: 0x5639247412a0 temp:0x563924742e50 -> 9998475.842097
head: 0x5639247412a0 temp:0x563924742d90 -> 13333333.333333
--------------------EXIT FOR LOOP-----------------
Got CPU: 0x563924742cd0 -> 640000000
(Papakia:1)/100/639ms - Switching Process In
temp_exp_burst: 9012177.721969 time: 650000000 temp_last_burst: 10000000.000000 current->exp_burst: 7036533.165906 
--------------------IN FOR LOOP 8-----------------
head: 0x5639247412a0 current:0x563924742cd0 -> 9012177.721969
head: 0x5639247412a0 temp:0x563924743240 -> 9999491.947366
head: 0x5639247412a0 temp:0x563924743090 -> 9999491.947366
head: 0x5639247412a0 temp:0x563924742fd0 -> 9998939.988948
head: 0x5639247412a0 temp:0x563924742f10 -> 7777608.426900
head: 0x5639247412a0 temp:0x563924742e50 -> 9998475.842097
head: 0x5639247412a0 temp:0x563924742d90 -> 13333333.333333
--------------------EXIT FOR LOOP-----------------
Got CPU: 0x563924742f10 -> 650000000
(Gatakia:4)/100/649ms - Switching Process In
temp_exp_burst: 9259202.808967 time: 660000000 temp_last_burst: 10000000.000000 current->exp_burst: 7777608.426900 
--------------------IN FOR LOOP 8-----------------
head: 0x5639247412a0 temp:0x563924742cd0 -> 9012177.721969
head: 0x5639247412a0 temp:0x563924743240 -> 9999491.947366
head: 0x5639247412a0 temp:0x563924743090 -> 9999491.947366
head: 0x5639247412a0 temp:0x563924742fd0 -> 9998939.988948
head: 0x5639247412a0 current:0x563924742f10 -> 9259202.808967
head: 0x5639247412a0 temp:0x563924742e50 -> 9998475.842097
head: 0x5639247412a0 temp:0x563924742d90 -> 13333333.333333
--------------------EXIT FOR LOOP-----------------
Got CPU: 0x563924742cd0 -> 660000000
(Papakia:1)/100/659ms - Switching Process In
temp_exp_burst: 9670725.907323 time: 670000000 temp_last_burst: 10000000.000000 current->exp_burst: 9012177.721969 
--------------------IN FOR LOOP 8-----------------
head: 0x5639247412a0 current:0x563924742cd0 -> 9670725.907323
head: 0x5639247412a0 temp:0x563924743240 -> 9999491.947366
head: 0x5639247412a0 temp:0x563924743090 -> 9999491.947366
head: 0x5639247412a0 temp:0x563924742fd0 -> 9998939.988948
head: 0x5639247412a0 temp:0x563924742f10 -> 9259202.808967
head: 0x5639247412a0 temp:0x563924742e50 -> 9998475.842097
head: 0x5639247412a0 temp:0x563924742d90 -> 13333333.333333
--------------------EXIT FOR LOOP-----------------
Got CPU: 0x563924742f10 -> 670000000
(Gatakia:4)/100/669ms - Switching Process In
temp_exp_burst: 9753067.602989 time: 680000000 temp_last_burst: 10000000.000000 current->exp_burst: 9259202.808967 
--------------------IN FOR LOOP 8-----------------
head: 0x5639247412a0 temp:0x563924742cd0 -> 9670725.907323
head: 0x5639247412a0 temp:0x563924743240 -> 9999491.947366
head: 0x5639247412a0 temp:0x563924743090 -> 9999491.947366
head: 0x5639247412a0 temp:0x563924742fd0 -> 9998939.988948
head: 0x5639247412a0 current:0x563924742f10 -> 9753067.602989
head: 0x5639247412a0 temp:0x563924742e50 -> 9998475.842097
head: 0x5639247412a0 temp:0x563924742d90 -> 13333333.333333
--------------------EXIT FOR LOOP-----------------
Got CPU: 0x563924742cd0 -> 680000000
(Papakia:1)/100/679ms - Switching Process In
temp_exp_burst: 9890241.969108 time: 690000000 temp_last_burst: 10000000.000000 current->exp_burst: 9670725.907323 
--------------------IN FOR LOOP 8-----------------
head: 0x5639247412a0 current:0x563924742cd0 -> 9890241.969108
head: 0x5639247412a0 temp:0x563924743240 -> 9999491.947366
head: 0x5639247412a0 temp:0x563924743090 -> 9999491.947366
head: 0x5639247412a0 temp:0x563924742fd0 -> 9998939.988948
head: 0x5639247412a0 temp:0x563924742f10 -> 9753067.602989
head: 0x5639247412a0 temp:0x563924742e50 -> 9998475.842097
head: 0x5639247412a0 temp:0x563924742d90 -> 13333333.333333
--------------------EXIT FOR LOOP-----------------
Got CPU: 0x563924742f10 -> 690000000
(Gatakia:4)/100/689ms - Switching Process In
temp_exp_burst: 9917689.200996 time: 700000000 temp_last_burst: 10000000.000000 current->exp_burst: 9753067.602989 
--------------------IN FOR LOOP 8-----------------
head: 0x5639247412a0 temp:0x563924742cd0 -> 9890241.969108
head: 0x5639247412a0 temp:0x563924743240 -> 9999491.947366
head: 0x5639247412a0 temp:0x563924743090 -> 9999491.947366
head: 0x5639247412a0 temp:0x563924742fd0 -> 9998939.988948
head: 0x5639247412a0 current:0x563924742f10 -> 9917689.200996
head: 0x5639247412a0 temp:0x563924742e50 -> 9998475.842097
head: 0x5639247412a0 temp:0x563924742d90 -> 13333333.333333
--------------------EXIT FOR LOOP-----------------
Got CPU: 0x563924742cd0 -> 700000000
(Papakia:1)/100/699ms - Switching Process In
temp_exp_burst: 9963413.989703 time: 710000000 temp_last_burst: 10000000.000000 current->exp_burst: 9890241.969108 
--------------------IN FOR LOOP 8-----------------
head: 0x5639247412a0 current:0x563924742cd0 -> 9963413.989703
head: 0x5639247412a0 temp:0x563924743240 -> 9999491.947366
head: 0x5639247412a0 temp:0x563924743090 -> 9999491.947366
head: 0x5639247412a0 temp:0x563924742fd0 -> 9998939.988948
head: 0x5639247412a0 temp:0x563924742f10 -> 9917689.200996
head: 0x5639247412a0 temp:0x563924742e50 -> 9998475.842097
head: 0x5639247412a0 temp:0x563924742d90 -> 13333333.333333
--------------------EXIT FOR LOOP-----------------
Got CPU: 0x563924742f10 -> 710000000
(Gatakia:4)/100/709ms - Switching Process In
temp_exp_burst: 9972563.066999 time: 720000000 temp_last_burst: 10000000.000000 current->exp_burst: 9917689.200996 
--------------------IN FOR LOOP 8-----------------
head: 0x5639247412a0 temp:0x563924742cd0 -> 9963413.989703
head: 0x5639247412a0 temp:0x563924743240 -> 9999491.947366
head: 0x5639247412a0 temp:0x563924743090 -> 9999491.947366
head: 0x5639247412a0 temp:0x563924742fd0 -> 9998939.988948
head: 0x5639247412a0 current:0x563924742f10 -> 9972563.066999
head: 0x5639247412a0 temp:0x563924742e50 -> 9998475.842097
head: 0x5639247412a0 temp:0x563924742d90 -> 13333333.333333
--------------------EXIT FOR LOOP-----------------
Got CPU: 0x563924742cd0 -> 720000000
(Papakia:1)/100/719ms - Switching Process In
temp_exp_burst: 9987804.663234 time: 730000000 temp_last_burst: 10000000.000000 current->exp_burst: 9963413.989703 
--------------------IN FOR LOOP 8-----------------
head: 0x5639247412a0 current:0x563924742cd0 -> 9987804.663234
head: 0x5639247412a0 temp:0x563924743240 -> 9999491.947366
head: 0x5639247412a0 temp:0x563924743090 -> 9999491.947366
head: 0x5639247412a0 temp:0x563924742fd0 -> 9998939.988948
head: 0x5639247412a0 temp:0x563924742f10 -> 9972563.066999
head: 0x5639247412a0 temp:0x563924742e50 -> 9998475.842097
head: 0x5639247412a0 temp:0x563924742d90 -> 13333333.333333
--------------------EXIT FOR LOOP-----------------
Got CPU: 0x563924742f10 -> 730000000
(Gatakia:4)/100/729ms - Switching Process In
temp_exp_burst: 9990854.355666 time: 740000000 temp_last_burst: 10000000.000000 current->exp_burst: 9972563.066999 
--------------------IN FOR LOOP 8-----------------
head: 0x5639247412a0 temp:0x563924742cd0 -> 9987804.663234
head: 0x5639247412a0 temp:0x563924743240 -> 9999491.947366
head: 0x5639247412a0 temp:0x563924743090 -> 9999491.947366
head: 0x5639247412a0 temp:0x563924742fd0 -> 9998939.988948
head: 0x5639247412a0 current:0x563924742f10 -> 9990854.355666
head: 0x5639247412a0 temp:0x563924742e50 -> 9998475.842097
head: 0x5639247412a0 temp:0x563924742d90 -> 13333333.333333
--------------------EXIT FOR LOOP-----------------
Got CPU: 0x563924742cd0 -> 740000000
(Papakia:1)/100/739ms - Switching Process In
temp_exp_burst: 9995934.887745 time: 750000000 temp_last_burst: 10000000.000000 current->exp_burst: 9987804.663234 
--------------------IN FOR LOOP 8-----------------
head: 0x5639247412a0 current:0x563924742cd0 -> 9995934.887745
head: 0x5639247412a0 temp:0x563924743240 -> 9999491.947366
head: 0x5639247412a0 temp:0x563924743090 -> 9999491.947366
head: 0x5639247412a0 temp:0x563924742fd0 -> 9998939.988948
head: 0x5639247412a0 temp:0x563924742f10 -> 9990854.355666
head: 0x5639247412a0 temp:0x563924742e50 -> 9998475.842097
head: 0x5639247412a0 temp:0x563924742d90 -> 13333333.333333
--------------------EXIT FOR LOOP-----------------
Got CPU: 0x563924742f10 -> 750000000
(Gatakia:4)/100/749ms - Switching Process In
temp_exp_burst: 9996951.451889 time: 760000000 temp_last_burst: 10000000.000000 current->exp_burst: 9990854.355666 
--------------------IN FOR LOOP 8-----------------
head: 0x5639247412a0 temp:0x563924742cd0 -> 9995934.887745
head: 0x5639247412a0 temp:0x563924743240 -> 9999491.947366
head: 0x5639247412a0 temp:0x563924743090 -> 9999491.947366
head: 0x5639247412a0 temp:0x563924742fd0 -> 9998939.988948
head: 0x5639247412a0 current:0x563924742f10 -> 9996951.451889
head: 0x5639247412a0 temp:0x563924742e50 -> 9998475.842097
head: 0x5639247412a0 temp:0x563924742d90 -> 13333333.333333
--------------------EXIT FOR LOOP-----------------
Got CPU: 0x563924742cd0 -> 760000000
(Papakia:1)/100/759ms - Switching Process In
temp_exp_burst: 9998644.962582 time: 770000000 temp_last_burst: 10000000.000000 current->exp_burst: 9995934.887745 
--------------------IN FOR LOOP 8-----------------
head: 0x5639247412a0 current:0x563924742cd0 -> 9998644.962582
head: 0x5639247412a0 temp:0x563924743240 -> 9999491.947366
head: 0x5639247412a0 temp:0x563924743090 -> 9999491.947366
head: 0x5639247412a0 temp:0x563924742fd0 -> 9998939.988948
head: 0x5639247412a0 temp:0x563924742f10 -> 9996951.451889
head: 0x5639247412a0 temp:0x563924742e50 -> 9998475.842097
head: 0x5639247412a0 temp:0x563924742d90 -> 13333333.333333
--------------------EXIT FOR LOOP-----------------
Got CPU: 0x563924742f10 -> 770000000
(Gatakia:4)/100/769ms - Switching Process In
temp_exp_burst: 9998983.817296 time: 780000000 temp_last_burst: 10000000.000000 current->exp_burst: 9996951.451889 
--------------------IN FOR LOOP 8-----------------
head: 0x5639247412a0 temp:0x563924742cd0 -> 9998644.962582
head: 0x5639247412a0 temp:0x563924743240 -> 9999491.947366
head: 0x5639247412a0 temp:0x563924743090 -> 9999491.947366
head: 0x5639247412a0 temp:0x563924742fd0 -> 9998939.988948
head: 0x5639247412a0 current:0x563924742f10 -> 9998983.817296
head: 0x5639247412a0 temp:0x563924742e50 -> 9998475.842097
head: 0x5639247412a0 temp:0x563924742d90 -> 13333333.333333
--------------------EXIT FOR LOOP-----------------
Got CPU: 0x563924742e50 -> 780000000
(Tigrakia:3)/100/779ms - Switching Process In
temp_exp_burst: 9999491.947366 time: 790000000 temp_last_burst: 10000000.000000 current->exp_burst: 9998475.842097 
--------------------IN FOR LOOP 8-----------------
head: 0x5639247412a0 temp:0x563924742cd0 -> 9998644.962582
head: 0x5639247412a0 temp:0x563924743240 -> 9999491.947366
head: 0x5639247412a0 temp:0x563924743090 -> 9999491.947366
head: 0x5639247412a0 temp:0x563924742fd0 -> 9998939.988948
head: 0x5639247412a0 temp:0x563924742f10 -> 9998983.817296
head: 0x5639247412a0 current:0x563924742e50 -> 9999491.947366
head: 0x5639247412a0 temp:0x563924742d90 -> 13333333.333333
--------------------EXIT FOR LOOP-----------------
Got CPU: 0x563924742cd0 -> 790000000
(Papakia:1)/100/789ms - Switching Process In
	(Papakia:1)/100/797ms - Going to Sleep
temp_exp_burst: 1110960.551398 time: 790000000 temp_last_burst: 0.000000 current->exp_burst: 3332881.654194 
--------------------IN FOR LOOP 7-----------------
head: 0x5639247412a0 temp:0x563924743240 -> 9999491.947366
head: 0x5639247412a0 temp:0x563924743090 -> 9999491.947366
head: 0x5639247412a0 temp:0x563924742fd0 -> 9998939.988948
head: 0x5639247412a0 temp:0x563924742f10 -> 9998983.817296
head: 0x5639247412a0 temp:0x563924742e50 -> 9999491.947366
head: 0x5639247412a0 temp:0x563924742d90 -> 13333333.333333
--------------------EXIT FOR LOOP-----------------
Got CPU: 0x563924742fd0 -> 790000000
(Arkoudakia:5)/100/798ms - Switching Process In
temp_exp_burst: 9999646.662983 time: 800000000 temp_last_burst: 10000000.000000 current->exp_burst: 9998939.988948 
--------------------IN FOR LOOP 7-----------------
head: 0x5639247412a0 temp:0x563924743240 -> 9999491.947366
head: 0x5639247412a0 temp:0x563924743090 -> 9999491.947366
head: 0x5639247412a0 current:0x563924742fd0 -> 9999646.662983
head: 0x5639247412a0 temp:0x563924742f10 -> 9998983.817296
head: 0x5639247412a0 temp:0x563924742e50 -> 9999491.947366
head: 0x5639247412a0 temp:0x563924742d90 -> 13333333.333333
--------------------EXIT FOR LOOP-----------------
Got CPU: 0x563924742f10 -> 800000000
(Gatakia:4)/100/799ms - Switching Process In
temp_exp_burst: 9999661.272432 time: 810000000 temp_last_burst: 10000000.000000 current->exp_burst: 9998983.817296 
--------------------IN FOR LOOP 7-----------------
head: 0x5639247412a0 temp:0x563924743240 -> 9999491.947366
head: 0x5639247412a0 temp:0x563924743090 -> 9999491.947366
head: 0x5639247412a0 temp:0x563924742fd0 -> 9999646.662983
head: 0x5639247412a0 current:0x563924742f10 -> 9999661.272432
head: 0x5639247412a0 temp:0x563924742e50 -> 9999491.947366
head: 0x5639247412a0 temp:0x563924742d90 -> 13333333.333333
--------------------EXIT FOR LOOP-----------------
Got CPU: 0x563924743240 -> 810000000
(Arkoudakia:5):(Arkoudi_1:8)/100/809ms - Switching Process In
temp_exp_burst: 9999830.649122 time: 820000000 temp_last_burst: 10000000.000000 current->exp_burst: 9999491.947366 
--------------------IN FOR LOOP 7-----------------
head: 0x5639247412a0 current:0x563924743240 -> 9999830.649122
head: 0x5639247412a0 temp:0x563924743090 -> 9999491.947366
head: 0x5639247412a0 temp:0x563924742fd0 -> 9999646.662983
head: 0x5639247412a0 temp:0x563924742f10 -> 9999661.272432
head: 0x5639247412a0 temp:0x563924742e50 -> 9999491.947366
head: 0x5639247412a0 temp:0x563924742d90 -> 13333333.333333
--------------------EXIT FOR LOOP-----------------
Got CPU: 0x563924743090 -> 820000000
(Saligkarakia:6)/100/819ms - Switching Process In
temp_exp_burst: 9999830.649122 time: 830000000 temp_last_burst: 10000000.000000 current->exp_burst: 9999491.947366 
--------------------IN FOR LOOP 7-----------------
head: 0x5639247412a0 temp:0x563924743240 -> 9999830.649122
head: 0x5639247412a0 current:0x563924743090 -> 9999830.649122
head: 0x5639247412a0 temp:0x563924742fd0 -> 9999646.662983
head: 0x5639247412a0 temp:0x563924742f10 -> 9999661.272432
head: 0x5639247412a0 temp:0x563924742e50 -> 9999491.947366
head: 0x5639247412a0 temp:0x563924742d90 -> 13333333.333333
--------------------EXIT FOR LOOP-----------------
Got CPU: 0x563924742e50 -> 830000000
(Tigrakia:3)/100/829ms - Switching Process In
temp_exp_burst: 9999830.649122 time: 840000000 temp_last_burst: 10000000.000000 current->exp_burst: 9999491.947366 
--------------------IN FOR LOOP 7-----------------
head: 0x5639247412a0 temp:0x563924743240 -> 9999830.649122
head: 0x5639247412a0 temp:0x563924743090 -> 9999830.649122
head: 0x5639247412a0 temp:0x563924742fd0 -> 9999646.662983
head: 0x5639247412a0 temp:0x563924742f10 -> 9999661.272432
head: 0x5639247412a0 current:0x563924742e50 -> 9999830.649122
head: 0x5639247412a0 temp:0x563924742d90 -> 13333333.333333
--------------------EXIT FOR LOOP-----------------
Got CPU: 0x563924742fd0 -> 840000000
(Arkoudakia:5)/100/839ms - Switching Process In
temp_exp_burst: 9999882.220994 time: 850000000 temp_last_burst: 10000000.000000 current->exp_burst: 9999646.662983 
--------------------IN FOR LOOP 7-----------------
head: 0x5639247412a0 temp:0x563924743240 -> 9999830.649122
head: 0x5639247412a0 temp:0x563924743090 -> 9999830.649122
head: 0x5639247412a0 current:0x563924742fd0 -> 9999882.220994
head: 0x5639247412a0 temp:0x563924742f10 -> 9999661.272432
head: 0x5639247412a0 temp:0x563924742e50 -> 9999830.649122
head: 0x5639247412a0 temp:0x563924742d90 -> 13333333.333333
--------------------EXIT FOR LOOP-----------------
Got CPU: 0x563924742f10 -> 850000000
(Gatakia:4)/100/849ms - Switching Process In
	(Gatakia:4)/100/855ms - Going to Sleep
temp_exp_burst: 1111073.474715 time: 850000000 temp_last_burst: 0.000000 current->exp_burst: 3333220.424144 
--------------------IN FOR LOOP 6-----------------
head: 0x5639247412a0 temp:0x563924743240 -> 9999830.649122
head: 0x5639247412a0 temp:0x563924743090 -> 9999830.649122
head: 0x5639247412a0 temp:0x563924742fd0 -> 9999882.220994
head: 0x5639247412a0 temp:0x563924742e50 -> 9999830.649122
head: 0x5639247412a0 temp:0x563924742d90 -> 13333333.333333
--------------------EXIT FOR LOOP-----------------
Got CPU: 0x563924743240 -> 850000000
(Arkoudakia:5):(Arkoudi_1:8)/100/856ms - Switching Process In
temp_exp_burst: 9999943.549707 time: 860000000 temp_last_burst: 10000000.000000 current->exp_burst: 9999830.649122 
--------------------IN FOR LOOP 6-----------------
head: 0x5639247412a0 current:0x563924743240 -> 9999943.549707
head: 0x5639247412a0 temp:0x563924743090 -> 9999830.649122
head: 0x5639247412a0 temp:0x563924742fd0 -> 9999882.220994
head: 0x5639247412a0 temp:0x563924742e50 -> 9999830.649122
head: 0x5639247412a0 temp:0x563924742d90 -> 13333333.333333
--------------------EXIT FOR LOOP-----------------
Got CPU: 0x563924743090 -> 860000000
(Saligkarakia:6)/100/859ms - Switching Process In
temp_exp_burst: 9999943.549707 time: 870000000 temp_last_burst: 10000000.000000 current->exp_burst: 9999830.649122 
--------------------IN FOR LOOP 6-----------------
head: 0x5639247412a0 temp:0x563924743240 -> 9999943.549707
head: 0x5639247412a0 current:0x563924743090 -> 9999943.549707
head: 0x5639247412a0 temp:0x563924742fd0 -> 9999882.220994
head: 0x5639247412a0 temp:0x563924742e50 -> 9999830.649122
head: 0x5639247412a0 temp:0x563924742d90 -> 13333333.333333
--------------------EXIT FOR LOOP-----------------
Got CPU: 0x563924742e50 -> 870000000
(Tigrakia:3)/100/869ms - Switching Process In
temp_exp_burst: 9999943.549707 time: 880000000 temp_last_burst: 10000000.000000 current->exp_burst: 9999830.649122 
--------------------IN FOR LOOP 6-----------------
head: 0x5639247412a0 temp:0x563924743240 -> 9999943.549707
head: 0x5639247412a0 temp:0x563924743090 -> 9999943.549707
head: 0x5639247412a0 temp:0x563924742fd0 -> 9999882.220994
head: 0x5639247412a0 current:0x563924742e50 -> 9999943.549707
head: 0x5639247412a0 temp:0x563924742d90 -> 13333333.333333
--------------------EXIT FOR LOOP-----------------
Got CPU: 0x563924742fd0 -> 880000000
(Arkoudakia:5)/100/879ms - Switching Process In
temp_exp_burst: 9999960.740331 time: 890000000 temp_last_burst: 10000000.000000 current->exp_burst: 9999882.220994 
--------------------IN FOR LOOP 6-----------------
head: 0x5639247412a0 temp:0x563924743240 -> 9999943.549707
head: 0x5639247412a0 temp:0x563924743090 -> 9999943.549707
head: 0x5639247412a0 current:0x563924742fd0 -> 9999960.740331
head: 0x5639247412a0 temp:0x563924742e50 -> 9999943.549707
head: 0x5639247412a0 temp:0x563924742d90 -> 13333333.333333
--------------------EXIT FOR LOOP-----------------
Got CPU: 0x563924743240 -> 890000000
(Arkoudakia:5):(Arkoudi_1:8)/100/889ms - Switching Process In
temp_exp_burst: 9999981.183236 time: 900000000 temp_last_burst: 10000000.000000 current->exp_burst: 9999943.549707 
--------------------IN FOR LOOP 6-----------------
head: 0x5639247412a0 current:0x563924743240 -> 9999981.183236
head: 0x5639247412a0 temp:0x563924743090 -> 9999943.549707
head: 0x5639247412a0 temp:0x563924742fd0 -> 9999960.740331
head: 0x5639247412a0 temp:0x563924742e50 -> 9999943.549707
head: 0x5639247412a0 temp:0x563924742d90 -> 13333333.333333
--------------------EXIT FOR LOOP-----------------
Got CPU: 0x563924743090 -> 900000000
(Saligkarakia:6)/100/899ms - Switching Process In
temp_exp_burst: 9999981.183236 time: 910000000 temp_last_burst: 10000000.000000 current->exp_burst: 9999943.549707 
--------------------IN FOR LOOP 6-----------------
head: 0x5639247412a0 temp:0x563924743240 -> 9999981.183236
head: 0x5639247412a0 current:0x563924743090 -> 9999981.183236
head: 0x5639247412a0 temp:0x563924742fd0 -> 9999960.740331
head: 0x5639247412a0 temp:0x563924742e50 -> 9999943.549707
head: 0x5639247412a0 temp:0x563924742d90 -> 13333333.333333
--------------------EXIT FOR LOOP-----------------
Got CPU: 0x563924742e50 -> 910000000
(Tigrakia:3)/100/909ms - Switching Process In
temp_exp_burst: 9999981.183236 time: 920000000 temp_last_burst: 10000000.000000 current->exp_burst: 9999943.549707 
--------------------IN FOR LOOP 6-----------------
head: 0x5639247412a0 temp:0x563924743240 -> 9999981.183236
head: 0x5639247412a0 temp:0x563924743090 -> 9999981.183236
head: 0x5639247412a0 temp:0x563924742fd0 -> 9999960.740331
head: 0x5639247412a0 current:0x563924742e50 -> 9999981.183236
head: 0x5639247412a0 temp:0x563924742d90 -> 13333333.333333
--------------------EXIT FOR LOOP-----------------
Got CPU: 0x563924742fd0 -> 920000000
(Arkoudakia:5)/100/919ms - Switching Process In
temp_exp_burst: 9999986.913444 time: 930000000 temp_last_burst: 10000000.000000 current->exp_burst: 9999960.740331 
--------------------IN FOR LOOP 6-----------------
head: 0x5639247412a0 temp:0x563924743240 -> 9999981.183236
head: 0x5639247412a0 temp:0x563924743090 -> 9999981.183236
head: 0x5639247412a0 current:0x563924742fd0 -> 9999986.913444
head: 0x5639247412a0 temp:0x563924742e50 -> 9999981.183236
head: 0x5639247412a0 temp:0x563924742d90 -> 13333333.333333
--------------------EXIT FOR LOOP-----------------
Got CPU: 0x563924743240 -> 930000000
(Arkoudakia:5):(Arkoudi_1:8)/100/929ms - Switching Process In
temp_exp_burst: 9999993.727745 time: 940000000 temp_last_burst: 10000000.000000 current->exp_burst: 9999981.183236 
--------------------IN FOR LOOP 6-----------------
head: 0x5639247412a0 current:0x563924743240 -> 9999993.727745
head: 0x5639247412a0 temp:0x563924743090 -> 9999981.183236
head: 0x5639247412a0 temp:0x563924742fd0 -> 9999986.913444
head: 0x5639247412a0 temp:0x563924742e50 -> 9999981.183236
head: 0x5639247412a0 temp:0x563924742d90 -> 13333333.333333
--------------------EXIT FOR LOOP-----------------
Got CPU: 0x563924743090 -> 940000000
(Saligkarakia:6)/100/939ms - Switching Process In
temp_exp_burst: 9999993.727745 time: 950000000 temp_last_burst: 10000000.000000 current->exp_burst: 9999981.183236 
--------------------IN FOR LOOP 6-----------------
head: 0x5639247412a0 temp:0x563924743240 -> 9999993.727745
head: 0x5639247412a0 current:0x563924743090 -> 9999993.727745
head: 0x5639247412a0 temp:0x563924742fd0 -> 9999986.913444
head: 0x5639247412a0 temp:0x563924742e50 -> 9999981.183236
head: 0x5639247412a0 temp:0x563924742d90 -> 13333333.333333
--------------------EXIT FOR LOOP-----------------
Got CPU: 0x563924742e50 -> 950000000
(Tigrakia:3)/100/949ms - Switching Process In
temp_exp_burst: 9999993.727745 time: 960000000 temp_last_burst: 10000000.000000 current->exp_burst: 9999981.183236 
--------------------IN FOR LOOP 6-----------------
head: 0x5639247412a0 temp:0x563924743240 -> 9999993.727745
head: 0x5639247412a0 temp:0x563924743090 -> 9999993.727745
head: 0x5639247412a0 temp:0x563924742fd0 -> 9999986.913444
head: 0x5639247412a0 current:0x563924742e50 -> 9999993.727745
head: 0x5639247412a0 temp:0x563924742d90 -> 13333333.333333
--------------------EXIT FOR LOOP-----------------
Got CPU: 0x563924742fd0 -> 960000000
(Arkoudakia:5)/100/959ms - Switching Process In
temp_exp_burst: 9999995.637815 time: 970000000 temp_last_burst: 10000000.000000 current->exp_burst: 9999986.913444 
--------------------IN FOR LOOP 6-----------------
head: 0x5639247412a0 temp:0x563924743240 -> 9999993.727745
head: 0x5639247412a0 temp:0x563924743090 -> 9999993.727745
head: 0x5639247412a0 current:0x563924742fd0 -> 9999995.637815
head: 0x5639247412a0 temp:0x563924742e50 -> 9999993.727745
head: 0x5639247412a0 temp:0x563924742d90 -> 13333333.333333
--------------------EXIT FOR LOOP-----------------
Got CPU: 0x563924743240 -> 970000000
(Arkoudakia:5):(Arkoudi_1:8)/100/969ms - Switching Process In
temp_exp_burst: 9999997.909248 time: 980000000 temp_last_burst: 10000000.000000 current->exp_burst: 9999993.727745 
--------------------IN FOR LOOP 6-----------------
head: 0x5639247412a0 current:0x563924743240 -> 9999997.909248
head: 0x5639247412a0 temp:0x563924743090 -> 9999993.727745
head: 0x5639247412a0 temp:0x563924742fd0 -> 9999995.637815
head: 0x5639247412a0 temp:0x563924742e50 -> 9999993.727745
head: 0x5639247412a0 temp:0x563924742d90 -> 13333333.333333
--------------------EXIT FOR LOOP-----------------
Got CPU: 0x563924743090 -> 980000000
(Saligkarakia:6)/100/979ms - Switching Process In
temp_exp_burst: 9999997.909248 time: 990000000 temp_last_burst: 10000000.000000 current->exp_burst: 9999993.727745 
--------------------IN FOR LOOP 6-----------------
head: 0x5639247412a0 temp:0x563924743240 -> 9999997.909248
head: 0x5639247412a0 current:0x563924743090 -> 9999997.909248
head: 0x5639247412a0 temp:0x563924742fd0 -> 9999995.637815
head: 0x5639247412a0 temp:0x563924742e50 -> 9999993.727745
head: 0x5639247412a0 temp:0x563924742d90 -> 13333333.333333
--------------------EXIT FOR LOOP-----------------
Got CPU: 0x563924742e50 -> 990000000
(Tigrakia:3)/100/989ms - Switching Process In
temp_exp_burst: 9999997.909248 time: 1000000000 temp_last_burst: 10000000.000000 current->exp_burst: 9999993.727745 
--------------------IN FOR LOOP 6-----------------
head: 0x5639247412a0 temp:0x563924743240 -> 9999997.909248
head: 0x5639247412a0 temp:0x563924743090 -> 9999997.909248
head: 0x5639247412a0 temp:0x563924742fd0 -> 9999995.637815
head: 0x5639247412a0 current:0x563924742e50 -> 9999997.909248
head: 0x5639247412a0 temp:0x563924742d90 -> 13333333.333333
--------------------EXIT FOR LOOP-----------------
Got CPU: 0x563924742fd0 -> 1000000000
(Arkoudakia:5)/100/999ms - Switching Process In
###-Sending Kill Message-###
temp_exp_burst: 9999998.545938 time: 1010000000 temp_last_burst: 10000000.000000 current->exp_burst: 9999995.637815 
--------------------IN FOR LOOP 6-----------------
head: 0x5639247412a0 temp:0x563924743240 -> 9999997.909248
head: 0x5639247412a0 temp:0x563924743090 -> 9999997.909248
head: 0x5639247412a0 current:0x563924742fd0 -> 9999998.545938
head: 0x5639247412a0 temp:0x563924742e50 -> 9999997.909248
head: 0x5639247412a0 temp:0x563924742d90 -> 13333333.333333
--------------------EXIT FOR LOOP-----------------
Got CPU: 0x563924743240 -> 1010000000
(Arkoudakia:5):(Arkoudi_1:8)/100/1009ms - Switching Process In
###-Process: (Arkoudakia:5):(Arkoudi_1:8) is going down-###
temp_exp_burst: 673333333.333333 time: 1010000000 temp_last_burst: 1010000000.000000 current->exp_burst: 0.000000 
--------------------IN FOR LOOP 5-----------------
head: 0x5639247412a0 temp:0x563924743090 -> 9999997.909248
head: 0x5639247412a0 temp:0x563924742fd0 -> 9999998.545938
head: 0x5639247412a0 temp:0x563924742e50 -> 9999997.909248
head: 0x5639247412a0 temp:0x563924742d90 -> 13333333.333333
--------------------EXIT FOR LOOP-----------------
Got CPU: 0x563924743090 -> 1010000000
(Saligkarakia:6)/100/1010ms - Switching Process In
###-Process: (Saligkarakia:6) is going down-###
temp_exp_burst: 897777777.777778 time: 1010000000 temp_last_burst: 1010000000.000000 current->exp_burst: 673333333.333333 
--------------------IN FOR LOOP 4-----------------
head: 0x5639247412a0 temp:0x563924742fd0 -> 9999998.545938
head: 0x5639247412a0 temp:0x563924742e50 -> 9999997.909248
head: 0x5639247412a0 temp:0x563924742d90 -> 13333333.333333
--------------------EXIT FOR LOOP-----------------
Got CPU: 0x563924742e50 -> 1010000000
(Tigrakia:3)/100/1010ms - Switching Process In
###-Process: (Tigrakia:3) is going down-###
temp_exp_burst: 972592592.592593 time: 1010000000 temp_last_burst: 1010000000.000000 current->exp_burst: 897777777.777778 
--------------------IN FOR LOOP 3-----------------
head: 0x5639247412a0 temp:0x563924742fd0 -> 9999998.545938
head: 0x5639247412a0 temp:0x563924742d90 -> 13333333.333333
--------------------EXIT FOR LOOP-----------------
Got CPU: 0x563924742fd0 -> 1010000000
(Arkoudakia:5)/100/1010ms - Switching Process In
temp_exp_burst: 9999999.515313 time: 1020000000 temp_last_burst: 10000000.000000 current->exp_burst: 9999998.545938 
--------------------IN FOR LOOP 3-----------------
head: 0x5639247412a0 current:0x563924742fd0 -> 9999999.515313
head: 0x5639247412a0 temp:0x563924742d90 -> 13333333.333333
--------------------EXIT FOR LOOP-----------------
temp_exp_burst: 16666666.181979 time: 1030000000 temp_last_burst: 20000000.000000 current->exp_burst: 9999998.545938 
--------------------IN FOR LOOP 3-----------------
head: 0x5639247412a0 current:0x563924742fd0 -> 16666666.181979
head: 0x5639247412a0 temp:0x563924742d90 -> 13333333.333333
--------------------EXIT FOR LOOP-----------------
Got CPU: 0x563924742d90 -> 1030000000
(Vatraxakia:2)/100/1029ms - Switching Process In
###-Process: (Vatraxakia:2) is going down-###
temp_exp_burst: 1010864197.530864 time: 1030000000 temp_last_burst: 1030000000.000000 current->exp_burst: 972592592.592593 
--------------------IN FOR LOOP 2-----------------
head: 0x5639247412a0 temp:0x563924742fd0 -> 16666666.181979
--------------------EXIT FOR LOOP-----------------
Got CPU: 0x563924742fd0 -> 1030000000
(Arkoudakia:5)/100/1030ms - Switching Process In
temp_exp_burst: 12222222.060660 time: 1040000000 temp_last_burst: 10000000.000000 current->exp_burst: 16666666.181979 
--------------------IN FOR LOOP 2-----------------
head: 0x5639247412a0 current:0x563924742fd0 -> 12222222.060660
--------------------EXIT FOR LOOP-----------------
temp_exp_burst: 18888888.727326 time: 1050000000 temp_last_burst: 20000000.000000 current->exp_burst: 16666666.181979 
--------------------IN FOR LOOP 2-----------------
head: 0x5639247412a0 current:0x563924742fd0 -> 18888888.727326
--------------------EXIT FOR LOOP-----------------
temp_exp_burst: 25555555.393993 time: 1060000000 temp_last_burst: 30000000.000000 current->exp_burst: 16666666.181979 
--------------------IN FOR LOOP 2-----------------
head: 0x5639247412a0 current:0x563924742fd0 -> 25555555.393993
--------------------EXIT FOR LOOP-----------------
temp_exp_burst: 32222222.060660 time: 1070000000 temp_last_burst: 40000000.000000 current->exp_burst: 16666666.181979 
--------------------IN FOR LOOP 2-----------------
head: 0x5639247412a0 current:0x563924742fd0 -> 32222222.060660
--------------------EXIT FOR LOOP-----------------
temp_exp_burst: 38888888.727326 time: 1080000000 temp_last_burst: 50000000.000000 current->exp_burst: 16666666.181979 
--------------------IN FOR LOOP 2-----------------
head: 0x5639247412a0 current:0x563924742fd0 -> 38888888.727326
--------------------EXIT FOR LOOP-----------------
temp_exp_burst: 45555555.393993 time: 1090000000 temp_last_burst: 60000000.000000 current->exp_burst: 16666666.181979 
--------------------IN FOR LOOP 2-----------------
head: 0x5639247412a0 current:0x563924742fd0 -> 45555555.393993
--------------------EXIT FOR LOOP-----------------
temp_exp_burst: 52222222.060660 time: 1100000000 temp_last_burst: 70000000.000000 current->exp_burst: 16666666.181979 
--------------------IN FOR LOOP 2-----------------
head: 0x5639247412a0 current:0x563924742fd0 -> 52222222.060660
--------------------EXIT FOR LOOP-----------------
temp_exp_burst: 58888888.727326 time: 1110000000 temp_last_burst: 80000000.000000 current->exp_burst: 16666666.181979 
--------------------IN FOR LOOP 2-----------------
head: 0x5639247412a0 current:0x563924742fd0 -> 58888888.727326
--------------------EXIT FOR LOOP-----------------
	(Arkoudakia:5)/100/1110ms - Going to Sleep
(Init:0)/0/1110ms - Switching Process In
(Init:0)/0/1119ms - Switching Process In
(Init:0)/0/1129ms - Switching Process In
(Init:0)/0/1139ms - Switching Process In
(Init:0)/0/1149ms - Switching Process In
(Init:0)/0/1159ms - Switching Process In
(Init:0)/0/1169ms - Switching Process In
(Init:0)/0/1179ms - Switching Process In
(Init:0)/0/1189ms - Switching Process In
(Init:0)/0/1199ms - Switching Process In
(Init:0)/0/1209ms - Switching Process In
(Init:0)/0/1219ms - Switching Process In
(Init:0)/0/1229ms - Switching Process In
(Init:0)/0/1239ms - Switching Process In
(Init:0)/0/1249ms - Switching Process In
(Init:0)/0/1259ms - Switching Process In
(Init:0)/0/1269ms - Switching Process In
(Init:0)/0/1279ms - Switching Process In
(Init:0)/0/1289ms - Switching Process In
(Init:0)/0/1299ms - Switching Process In
(Init:0)/0/1309ms - Switching Process In
(Init:0)/0/1319ms - Switching Process In
(Init:0)/0/1329ms - Switching Process In
(Init:0)/0/1339ms - Switching Process In
(Init:0)/0/1349ms - Switching Process In
(Init:0)/0/1359ms - Switching Process In
(Init:0)/0/1369ms - Switching Process In
(Init:0)/0/1379ms - Switching Process In
(Init:0)/0/1389ms - Switching Process In
(Init:0)/0/1399ms - Switching Process In
(Init:0)/0/1409ms - Switching Process In
(Init:0)/0/1419ms - Switching Process In
(Init:0)/0/1429ms - Switching Process In
(Init:0)/0/1439ms - Switching Process In
(Init:0)/0/1449ms - Switching Process In
(Init:0)/0/1459ms - Switching Process In
(Init:0)/0/1469ms - Switching Process In
(Init:0)/0/1479ms - Switching Process In
(Init:0)/0/1489ms - Switching Process In
(Init:0)/0/1499ms - Switching Process In
###-An Interrupt has fired!-###
	(Arkoudakia:5):(Arkoudi_2:7)/100/1507ms - Waking Up from Sleep
	(Papakia:1)/100/1507ms - Waking Up from Sleep
	(Gatakia:4)/100/1507ms - Waking Up from Sleep
	(Arkoudakia:5)/100/1507ms - Waking Up from Sleep
temp_exp_burst: 1008888888.888889 time: 1500000000 temp_last_burst: 1500000000.000000 current->exp_burst: 26666666.666667 
--------------------IN FOR LOOP 5-----------------
head: 0x5639247412a0 temp:0x563924742fd0 -> 58888888.727326
head: 0x5639247412a0 temp:0x563924742f10 -> 1111073.474715
head: 0x5639247412a0 temp:0x563924742cd0 -> 1110960.551398
head: 0x5639247412a0 temp:0x563924743150 -> 121932.632221
--------------------EXIT FOR LOOP-----------------
Got CPU: 0x563924743150 -> 1500000000
(Arkoudakia:5):(Arkoudi_2:7)/100/1508ms - Switching Process In
###-Process: (Arkoudakia:5):(Arkoudi_2:7) is going down-###
temp_exp_burst: 1336954732.510288 time: 1500000000 temp_last_burst: 1500000000.000000 current->exp_burst: 1010864197.530864 
--------------------IN FOR LOOP 4-----------------
head: 0x5639247412a0 temp:0x563924742fd0 -> 58888888.727326
head: 0x5639247412a0 temp:0x563924742f10 -> 1111073.474715
head: 0x5639247412a0 temp:0x563924742cd0 -> 1110960.551398
--------------------EXIT FOR LOOP-----------------
Got CPU: 0x563924742cd0 -> 1500000000
(Papakia:1)/100/1508ms - Switching Process In
###-Process: (Papakia:1) is going down-###
temp_exp_burst: 1445651577.503429 time: 1500000000 temp_last_burst: 1500000000.000000 current->exp_burst: 1336954732.510288 
--------------------IN FOR LOOP 3-----------------
head: 0x5639247412a0 temp:0x563924742fd0 -> 58888888.727326
head: 0x5639247412a0 temp:0x563924742f10 -> 1111073.474715
--------------------EXIT FOR LOOP-----------------
Got CPU: 0x563924742f10 -> 1500000000
(Gatakia:4)/100/1508ms - Switching Process In
###-Process: (Gatakia:4) is going down-###
temp_exp_burst: 1481883859.167810 time: 1500000000 temp_last_burst: 1500000000.000000 current->exp_burst: 1445651577.503429 
--------------------IN FOR LOOP 2-----------------
head: 0x5639247412a0 temp:0x563924742fd0 -> 58888888.727326
--------------------EXIT FOR LOOP-----------------
Got CPU: 0x563924742fd0 -> 1500000000
(Arkoudakia:5)/100/1508ms - Switching Process In
###-Process: (Arkoudakia:5) is going down-###
(Init:0)/0/1508ms - Switching Process In
###-Process: (Init:0) is going down-###
###-Shutting Down CPU-###
