###-Starting CPU-###
(Init:0)/0/0ms - Switching Process In
(Init:0)/0/9ms - Switching Process In
(Init:0)/0/19ms - Switching Process In
(Init:0)/0/29ms - Switching Process In
(Init:0)/0/39ms - Switching Process In
###-Process: (Papakia:1) has been created-###
(Papakia:1)/100/40ms - Switching Process In
###-Process: (Vatraxakia:2) has been created-###
(Vatraxakia:2)/100/50ms - Switching Process In
(Papakia:1)/100/59ms - Switching Process In
(Vatraxakia:2)/100/69ms - Switching Process In
###-Process: (Tigrakia:3) has been created-###
(Tigrakia:3)/100/70ms - Switching Process In
(Vatraxakia:2)/100/79ms - Switching Process In
###-Process: (Gatakia:4) has been created-###
(Papakia:1)/100/80ms - Switching Process In
(Gatakia:4)/100/89ms - Switching Process In
###-Process: (Arkoudakia:5) has been created-###
(Vatraxakia:2)/100/90ms - Switching Process In
(Arkoudakia:5)/100/99ms - Switching Process In
###-Process: (Arkoudakia:5):(Arkoudi_2:6) has been created-###
###-Process: (Saligkarakia:7) has been created-###
(Gatakia:4)/100/100ms - Switching Process In
(Saligkarakia:7)/100/109ms - Switching Process In
(Arkoudakia:5):(Arkoudi_2:6)/100/119ms - Switching Process In
(Arkoudakia:5)/100/129ms - Switching Process In
(Tigrakia:3)/100/139ms - Switching Process In
(Vatraxakia:2)/100/149ms - Switching Process In
(Gatakia:4)/100/159ms - Switching Process In
(Papakia:1)/100/169ms - Switching Process In
(Saligkarakia:7)/100/179ms - Switching Process In
(Arkoudakia:5):(Arkoudi_2:6)/100/189ms - Switching Process In
(Arkoudakia:5)/100/199ms - Switching Process In
###-Process: (Arkoudakia:5):(Arkoudi_1:8) has been created-###
(Tigrakia:3)/100/200ms - Switching Process In
(Arkoudakia:5):(Arkoudi_1:8)/100/209ms - Switching Process In
(Arkoudakia:5)/100/219ms - Switching Process In
(Vatraxakia:2)/100/229ms - Switching Process In
(Gatakia:4)/100/239ms - Switching Process In
(Papakia:1)/100/249ms - Switching Process In
(Saligkarakia:7)/100/259ms - Switching Process In
(Arkoudakia:5):(Arkoudi_2:6)/100/269ms - Switching Process In
(Arkoudakia:5):(Arkoudi_1:8)/100/279ms - Switching Process In
(Tigrakia:3)/100/289ms - Switching Process In
(Arkoudakia:5)/100/299ms - Switching Process In
(Vatraxakia:2)/100/309ms - Switching Process In
(Gatakia:4)/100/319ms - Switching Process In
(Papakia:1)/100/329ms - Switching Process In
(Saligkarakia:7)/100/339ms - Switching Process In
(Arkoudakia:5):(Arkoudi_2:6)/100/349ms - Switching Process In
(Arkoudakia:5):(Arkoudi_1:8)/100/359ms - Switching Process In
(Tigrakia:3)/100/369ms - Switching Process In
(Arkoudakia:5)/100/379ms - Switching Process In
(Vatraxakia:2)/100/389ms - Switching Process In
	(Vatraxakia:2)/100/395ms - Going to Sleep
(Gatakia:4)/100/396ms - Switching Process In
(Papakia:1)/100/399ms - Switching Process In
(Saligkarakia:7)/100/409ms - Switching Process In
(Arkoudakia:5):(Arkoudi_2:6)/100/419ms - Switching Process In
(Arkoudakia:5):(Arkoudi_1:8)/100/429ms - Switching Process In
(Tigrakia:3)/100/439ms - Switching Process In
(Arkoudakia:5)/100/449ms - Switching Process In
(Gatakia:4)/100/459ms - Switching Process In
(Papakia:1)/100/469ms - Switching Process In
(Saligkarakia:7)/100/479ms - Switching Process In
(Arkoudakia:5):(Arkoudi_2:6)/100/489ms - Switching Process In
(Arkoudakia:5):(Arkoudi_1:8)/100/499ms - Switching Process In
(Tigrakia:3)/100/509ms - Switching Process In
(Arkoudakia:5)/100/519ms - Switching Process In
(Gatakia:4)/100/529ms - Switching Process In
(Papakia:1)/100/539ms - Switching Process In
	(Papakia:1)/100/546ms - Going to Sleep
(Saligkarakia:7)/100/547ms - Switching Process In
(Arkoudakia:5):(Arkoudi_2:6)/100/549ms - Switching Process In
(Arkoudakia:5):(Arkoudi_1:8)/100/559ms - Switching Process In
(Tigrakia:3)/100/569ms - Switching Process In
(Arkoudakia:5)/100/579ms - Switching Process In
(Gatakia:4)/100/589ms - Switching Process In
(Saligkarakia:7)/100/599ms - Switching Process In
(Arkoudakia:5):(Arkoudi_2:6)/100/609ms - Switching Process In
(Arkoudakia:5):(Arkoudi_1:8)/100/619ms - Switching Process In
###-An Interrupt has fired!-###
	(Vatraxakia:2)/100/621ms - Waking Up from Sleep
	(Papakia:1)/100/621ms - Waking Up from Sleep
(Tigrakia:3)/100/622ms - Switching Process In
	(Tigrakia:3)/100/626ms - Going to Sleep
(Arkoudakia:5)/100/627ms - Switching Process In
(Vatraxakia:2)/100/629ms - Switching Process In
(Papakia:1)/100/639ms - Switching Process In
(Arkoudakia:5):(Arkoudi_1:8)/100/649ms - Switching Process In
(Gatakia:4)/100/659ms - Switching Process In
(Saligkarakia:7)/100/669ms - Switching Process In
(Arkoudakia:5):(Arkoudi_2:6)/100/679ms - Switching Process In
(Vatraxakia:2)/100/689ms - Switching Process In
(Papakia:1)/100/699ms - Switching Process In
(Arkoudakia:5)/100/709ms - Switching Process In
(Arkoudakia:5):(Arkoudi_1:8)/100/719ms - Switching Process In
(Gatakia:4)/100/729ms - Switching Process In
(Saligkarakia:7)/100/739ms - Switching Process In
(Arkoudakia:5):(Arkoudi_2:6)/100/749ms - Switching Process In
(Vatraxakia:2)/100/759ms - Switching Process In
(Papakia:1)/100/769ms - Switching Process In
(Arkoudakia:5)/100/779ms - Switching Process In
(Arkoudakia:5):(Arkoudi_1:8)/100/789ms - Switching Process In
	(Arkoudakia:5):(Arkoudi_1:8)/100/797ms - Going to Sleep
(Gatakia:4)/100/798ms - Switching Process In
(Saligkarakia:7)/100/799ms - Switching Process In
(Arkoudakia:5):(Arkoudi_2:6)/100/809ms - Switching Process In
(Vatraxakia:2)/100/819ms - Switching Process In
(Papakia:1)/100/829ms - Switching Process In
(Arkoudakia:5)/100/839ms - Switching Process In
(Gatakia:4)/100/849ms - Switching Process In
	(Gatakia:4)/100/855ms - Going to Sleep
(Saligkarakia:7)/100/856ms - Switching Process In
(Arkoudakia:5):(Arkoudi_2:6)/100/859ms - Switching Process In
(Vatraxakia:2)/100/869ms - Switching Process In
(Papakia:1)/100/879ms - Switching Process In
(Arkoudakia:5)/100/889ms - Switching Process In
(Saligkarakia:7)/100/899ms - Switching Process In
(Arkoudakia:5):(Arkoudi_2:6)/100/909ms - Switching Process In
(Vatraxakia:2)/100/919ms - Switching Process In
###-Process: (Vatraxakia:2) is going down-###
(Papakia:1)/100/920ms - Switching Process In
###-Process: (Papakia:1) is going down-###
(Arkoudakia:5)/100/920ms - Switching Process In
(Saligkarakia:7)/100/929ms - Switching Process In
(Arkoudakia:5):(Arkoudi_2:6)/100/939ms - Switching Process In
(Arkoudakia:5)/100/949ms - Switching Process In
(Saligkarakia:7)/100/959ms - Switching Process In
(Arkoudakia:5):(Arkoudi_2:6)/100/969ms - Switching Process In
(Arkoudakia:5)/100/979ms - Switching Process In
(Saligkarakia:7)/100/989ms - Switching Process In
(Arkoudakia:5):(Arkoudi_2:6)/100/999ms - Switching Process In
###-Sending Kill Message-###
(Arkoudakia:5)/100/1009ms - Switching Process In
(Saligkarakia:7)/100/1019ms - Switching Process In
###-Process: (Saligkarakia:7) is going down-###
(Arkoudakia:5):(Arkoudi_2:6)/100/1020ms - Switching Process In
###-Process: (Arkoudakia:5):(Arkoudi_2:6) is going down-###
(Arkoudakia:5)/100/1020ms - Switching Process In
	(Arkoudakia:5)/100/1100ms - Going to Sleep
(Init:0)/0/1100ms - Switching Process In
(Init:0)/0/1109ms - Switching Process In
(Init:0)/0/1119ms - Switching Process In
(Init:0)/0/1129ms - Switching Process In
(Init:0)/0/1139ms - Switching Process In
(Init:0)/0/1149ms - Switching Process In
(Init:0)/0/1159ms - Switching Process In
(Init:0)/0/1169ms - Switching Process In
(Init:0)/0/1179ms - Switching Process In
(Init:0)/0/1189ms - Switching Process In
(Init:0)/0/1199ms - Switching Process In
(Init:0)/0/1209ms - Switching Process In
(Init:0)/0/1219ms - Switching Process In
(Init:0)/0/1229ms - Switching Process In
(Init:0)/0/1239ms - Switching Process In
(Init:0)/0/1249ms - Switching Process In
(Init:0)/0/1259ms - Switching Process In
(Init:0)/0/1269ms - Switching Process In
(Init:0)/0/1279ms - Switching Process In
(Init:0)/0/1289ms - Switching Process In
(Init:0)/0/1299ms - Switching Process In
(Init:0)/0/1309ms - Switching Process In
(Init:0)/0/1319ms - Switching Process In
(Init:0)/0/1329ms - Switching Process In
(Init:0)/0/1339ms - Switching Process In
(Init:0)/0/1349ms - Switching Process In
(Init:0)/0/1359ms - Switching Process In
(Init:0)/0/1369ms - Switching Process In
(Init:0)/0/1379ms - Switching Process In
(Init:0)/0/1389ms - Switching Process In
(Init:0)/0/1399ms - Switching Process In
(Init:0)/0/1409ms - Switching Process In
(Init:0)/0/1419ms - Switching Process In
(Init:0)/0/1429ms - Switching Process In
(Init:0)/0/1439ms - Switching Process In
(Init:0)/0/1449ms - Switching Process In
(Init:0)/0/1459ms - Switching Process In
(Init:0)/0/1469ms - Switching Process In
(Init:0)/0/1479ms - Switching Process In
(Init:0)/0/1489ms - Switching Process In
(Init:0)/0/1499ms - Switching Process In
###-An Interrupt has fired!-###
	(Tigrakia:3)/100/1507ms - Waking Up from Sleep
	(Arkoudakia:5):(Arkoudi_1:8)/100/1507ms - Waking Up from Sleep
	(Gatakia:4)/100/1507ms - Waking Up from Sleep
	(Arkoudakia:5)/100/1507ms - Waking Up from Sleep
(Arkoudakia:5):(Arkoudi_1:8)/100/1508ms - Switching Process In
###-Process: (Arkoudakia:5):(Arkoudi_1:8) is going down-###
(Tigrakia:3)/100/1508ms - Switching Process In
###-Process: (Tigrakia:3) is going down-###
(Gatakia:4)/100/1508ms - Switching Process In
###-Process: (Gatakia:4) is going down-###
(Arkoudakia:5)/100/1508ms - Switching Process In
###-Process: (Arkoudakia:5) is going down-###
(Init:0)/0/1508ms - Switching Process In
###-Process: (Init:0) is going down-###
###-Shutting Down CPU-###
