###-Starting CPU-###
(Init:0)/0/0ms - Switching Process In
(Init:0)/0/9ms - Switching Process In
(Init:0)/0/19ms - Switching Process In
###-Process: (Papakia:1) has been created-###
(Papakia:1)/100/20ms - Switching Process In
###-Process: (Vatraxakia:2) has been created-###
(Vatraxakia:2)/100/30ms - Switching Process In
(Papakia:1)/100/39ms - Switching Process In
###-Process: (Tigrakia:3) has been created-###
(Tigrakia:3)/100/40ms - Switching Process In
(Papakia:1)/100/49ms - Switching Process In
###-Process: (Gatakia:4) has been created-###
(Vatraxakia:2)/100/50ms - Switching Process In
(Gatakia:4)/100/59ms - Switching Process In
###-Process: (Saligkarakia:5) has been created-###
(Papakia:1)/100/60ms - Switching Process In
(Saligkarakia:5)/100/69ms - Switching Process In
(Gatakia:4)/100/79ms - Switching Process In
(Tigrakia:3)/100/89ms - Switching Process In
(Vatraxakia:2)/100/99ms - Switching Process In
(Papakia:1)/100/109ms - Switching Process In
(Saligkarakia:5)/100/119ms - Switching Process In
(Gatakia:4)/100/129ms - Switching Process In
(Tigrakia:3)/100/139ms - Switching Process In
(Vatraxakia:2)/100/149ms - Switching Process In
(Papakia:1)/100/159ms - Switching Process In
(Saligkarakia:5)/100/169ms - Switching Process In
(Gatakia:4)/100/179ms - Switching Process In
(Tigrakia:3)/100/189ms - Switching Process In
(Vatraxakia:2)/100/199ms - Switching Process In
(Papakia:1)/100/209ms - Switching Process In
(Saligkarakia:5)/100/219ms - Switching Process In
(Gatakia:4)/100/229ms - Switching Process In
(Tigrakia:3)/100/239ms - Switching Process In
(Vatraxakia:2)/100/249ms - Switching Process In
(Papakia:1)/100/259ms - Switching Process In
(Saligkarakia:5)/100/269ms - Switching Process In
(Gatakia:4)/100/279ms - Switching Process In
(Tigrakia:3)/100/289ms - Switching Process In
(Vatraxakia:2)/100/299ms - Switching Process In
(Papakia:1)/100/309ms - Switching Process In
(Saligkarakia:5)/100/319ms - Switching Process In
(Gatakia:4)/100/329ms - Switching Process In
(Tigrakia:3)/100/339ms - Switching Process In
(Vatraxakia:2)/100/349ms - Switching Process In
(Papakia:1)/100/359ms - Switching Process In
(Saligkarakia:5)/100/369ms - Switching Process In
(Gatakia:4)/100/379ms - Switching Process In
(Tigrakia:3)/100/389ms - Switching Process In
(Vatraxakia:2)/100/399ms - Switching Process In
(Papakia:1)/100/409ms - Switching Process In
(Saligkarakia:5)/100/419ms - Switching Process In
(Gatakia:4)/100/429ms - Switching Process In
(Tigrakia:3)/100/439ms - Switching Process In
(Vatraxakia:2)/100/449ms - Switching Process In
(Papakia:1)/100/459ms - Switching Process In
(Saligkarakia:5)/100/469ms - Switching Process In
(Gatakia:4)/100/479ms - Switching Process In
(Tigrakia:3)/100/489ms - Switching Process In
(Vatraxakia:2)/100/499ms - Switching Process In
(Papakia:1)/100/509ms - Switching Process In
(Saligkarakia:5)/100/519ms - Switching Process In
(Gatakia:4)/100/529ms - Switching Process In
(Tigrakia:3)/100/539ms - Switching Process In
(Vatraxakia:2)/100/549ms - Switching Process In
(Papakia:1)/100/559ms - Switching Process In
(Saligkarakia:5)/100/569ms - Switching Process In
(Gatakia:4)/100/579ms - Switching Process In
(Tigrakia:3)/100/589ms - Switching Process In
(Vatraxakia:2)/100/599ms - Switching Process In
(Papakia:1)/100/609ms - Switching Process In
(Saligkarakia:5)/100/619ms - Switching Process In
###-An Interrupt has fired!-###
(Gatakia:4)/100/622ms - Switching Process In
(Saligkarakia:5)/100/629ms - Switching Process In
(Tigrakia:3)/100/639ms - Switching Process In
(Vatraxakia:2)/100/649ms - Switching Process In
(Papakia:1)/100/659ms - Switching Process In
(Gatakia:4)/100/669ms - Switching Process In
(Saligkarakia:5)/100/679ms - Switching Process In
(Tigrakia:3)/100/689ms - Switching Process In
(Vatraxakia:2)/100/699ms - Switching Process In
(Papakia:1)/100/709ms - Switching Process In
(Gatakia:4)/100/719ms - Switching Process In
(Saligkarakia:5)/100/729ms - Switching Process In
(Tigrakia:3)/100/739ms - Switching Process In
(Vatraxakia:2)/100/749ms - Switching Process In
(Papakia:1)/100/759ms - Switching Process In
(Gatakia:4)/100/769ms - Switching Process In
(Saligkarakia:5)/100/779ms - Switching Process In
(Tigrakia:3)/100/789ms - Switching Process In
(Vatraxakia:2)/100/799ms - Switching Process In
(Papakia:1)/100/809ms - Switching Process In
(Gatakia:4)/100/819ms - Switching Process In
(Saligkarakia:5)/100/829ms - Switching Process In
(Tigrakia:3)/100/839ms - Switching Process In
(Vatraxakia:2)/100/849ms - Switching Process In
(Papakia:1)/100/859ms - Switching Process In
(Gatakia:4)/100/869ms - Switching Process In
(Saligkarakia:5)/100/879ms - Switching Process In
(Tigrakia:3)/100/889ms - Switching Process In
(Vatraxakia:2)/100/899ms - Switching Process In
###-Process: (Vatraxakia:2) is going down-###
(Papakia:1)/100/900ms - Switching Process In
###-Process: (Papakia:1) is going down-###
(Gatakia:4)/100/900ms - Switching Process In
(Saligkarakia:5)/100/909ms - Switching Process In
(Tigrakia:3)/100/919ms - Switching Process In
(Gatakia:4)/100/929ms - Switching Process In
(Saligkarakia:5)/100/939ms - Switching Process In
(Tigrakia:3)/100/949ms - Switching Process In
(Gatakia:4)/100/959ms - Switching Process In
(Saligkarakia:5)/100/969ms - Switching Process In
(Tigrakia:3)/100/979ms - Switching Process In
(Gatakia:4)/100/989ms - Switching Process In
(Saligkarakia:5)/100/999ms - Switching Process In
###-Sending Kill Message-###
###-Process: (Saligkarakia:5) is going down-###
(Tigrakia:3)/100/1000ms - Switching Process In
###-Process: (Tigrakia:3) is going down-###
(Gatakia:4)/100/1000ms - Switching Process In
###-Process: (Gatakia:4) is going down-###
(Init:0)/0/1000ms - Switching Process In
###-Process: (Init:0) is going down-###
###-Sending Kill Message-###
###-Shutting Down CPU-###
